Log file open, 09/24/19 15:07:06
LogWindows: Failed to load 'aqProf.dll' (GetLastError=126)
LogWindows: File 'aqProf.dll' does not exist
LogWindows: Failed to load 'VtuneApi.dll' (GetLastError=126)
LogWindows: File 'VtuneApi.dll' does not exist
LogWindows: Failed to load 'VtuneApi32e.dll' (GetLastError=126)
LogWindows: File 'VtuneApi32e.dll' does not exist
LogConsoleResponse: Display: Failed to find resolution value strings in scalability ini. Falling back to default.
LogInit: Display: Running engine for game: TeamSwing
LogPakFile: Registered encryption key '00000000000000000000000000000000': 0 pak files mounted, 0 remain pending
LogPlatformFile: Not using cached read wrapper
LogTaskGraph: Started task graph with 5 named threads and 23 total threads with 3 sets of task threads.
LogStats: Stats thread started at 0.270288
LogD3D11RHI: Loaded GFSDK_Aftermath_Lib.x64.dll
LogICUInternationalization: ICU TimeZone Detection - Raw Offset: -7:00, Platform Override: ''
LogPluginManager: Mounting plugin Paper2D
LogPluginManager: Mounting plugin AISupport
LogPluginManager: Mounting plugin LightPropagationVolume
LogPluginManager: Mounting plugin ActorLayerUtilities
LogPluginManager: Mounting plugin AnimationSharing
LogPluginManager: Mounting plugin CLionSourceCodeAccess
LogPluginManager: Mounting plugin CodeLiteSourceCodeAccess
LogPluginManager: Mounting plugin GitSourceControl
LogPluginManager: Mounting plugin KDevelopSourceCodeAccess
LogPluginManager: Mounting plugin NullSourceCodeAccess
LogPluginManager: Mounting plugin PerforceSourceControl
LogPluginManager: Mounting plugin SubversionSourceControl
LogPluginManager: Mounting plugin UObjectPlugin
LogPluginManager: Mounting plugin VisualStudioCodeSourceCodeAccess
LogPluginManager: Mounting plugin VisualStudioSourceCodeAccess
LogPluginManager: Mounting plugin XCodeSourceCodeAccess
LogPluginManager: Mounting plugin AssetManagerEditor
LogPluginManager: Mounting plugin CryptoKeys
LogPluginManager: Mounting plugin DataValidation
LogPluginManager: Mounting plugin FacialAnimation
LogPluginManager: Mounting plugin GameplayTagsEditor
LogPluginManager: Mounting plugin MacGraphicsSwitching
LogPluginManager: Mounting plugin MaterialAnalyzer
LogPluginManager: Mounting plugin MobileLauncherProfileWizard
LogPluginManager: Mounting plugin PluginBrowser
LogPluginManager: Mounting plugin SpeedTreeImporter
LogPluginManager: Mounting plugin DatasmithContent
LogPluginManager: Mounting plugin VariantManagerContent
LogPluginManager: Mounting plugin AlembicImporter
LogPluginManager: Mounting plugin AppleImageUtils
LogPluginManager: Mounting plugin AppleVision
LogPluginManager: Mounting plugin BackChannel
LogPluginManager: Mounting plugin CharacterAI
LogPluginManager: Mounting plugin GeometryCache
LogPluginManager: Mounting plugin HTML5Networking
LogPluginManager: Mounting plugin ProxyLODPlugin
LogPluginManager: Mounting plugin SkeletalReduction
LogPluginManager: Mounting plugin MagicLeap
LogPluginManager: Mounting plugin MagicLeapMedia
LogPluginManager: Mounting plugin AndroidMedia
LogPluginManager: Mounting plugin AvfMedia
LogPluginManager: Mounting plugin ImgMedia
LogPluginManager: Mounting plugin LinearTimecode
LogPluginManager: Mounting plugin MediaCompositing
LogPluginManager: Mounting plugin MediaPlayerEditor
LogPluginManager: Mounting plugin WebMMedia
LogPluginManager: Mounting plugin WmfMedia
LogPluginManager: Mounting plugin TcpMessaging
LogPluginManager: Mounting plugin UdpMessaging
LogPluginManager: Mounting plugin ActorSequence
LogPluginManager: Mounting plugin LevelSequenceEditor
LogPluginManager: Mounting plugin MatineeToLevelSequence
LogPluginManager: Mounting plugin NetcodeUnitTest
LogPluginManager: Mounting plugin NUTUnrealEngine4
LogPluginManager: Mounting plugin OnlineSubsystemGooglePlay
LogPluginManager: Mounting plugin OnlineSubsystemIOS
LogPluginManager: Mounting plugin OnlineSubsystem
LogPluginManager: Mounting plugin OnlineSubsystemNull
LogPluginManager: Mounting plugin OnlineSubsystemUtils
LogPluginManager: Mounting plugin LauncherChunkInstaller
LogPluginManager: Mounting plugin AndroidDeviceProfileSelector
LogPluginManager: Mounting plugin AndroidMoviePlayer
LogPluginManager: Mounting plugin AndroidPermission
LogPluginManager: Mounting plugin AppleMoviePlayer
LogPluginManager: Mounting plugin ArchVisCharacter
LogPluginManager: Mounting plugin AudioCapture
LogPluginManager: Mounting plugin CableComponent
LogPluginManager: Mounting plugin CustomMeshComponent
LogPluginManager: Mounting plugin EditableMesh
LogPluginManager: Mounting plugin ExampleDeviceProfileSelector
LogPluginManager: Mounting plugin Firebase
LogPluginManager: Mounting plugin GoogleCloudMessaging
LogPluginManager: Mounting plugin IOSDeviceProfileSelector
LogPluginManager: Mounting plugin LinuxDeviceProfileSelector
LogPluginManager: Mounting plugin LocationServicesBPLibrary
LogPluginManager: Mounting plugin MobilePatchingUtils
LogPluginManager: Mounting plugin OculusVR
LogPluginManager: Mounting plugin PhysXVehicles
LogPluginManager: Mounting plugin ProceduralMeshComponent
LogPluginManager: Mounting plugin RuntimePhysXCooking
LogPluginManager: Mounting plugin SignificanceManager
LogPluginManager: Mounting plugin SteamVR
LogPluginManager: Mounting plugin WebMMoviePlayer
LogPluginManager: Mounting plugin WindowsMoviePlayer
LogInit: Using libcurl 7.55.1-DEV
LogInit:  - built for x86_64-pc-win32
LogInit:  - supports SSL with OpenSSL/1.1.1
LogInit:  - supports HTTP deflate (compression) using libz 1.2.8
LogInit:  - other features:
LogInit:      CURL_VERSION_SSL
LogInit:      CURL_VERSION_LIBZ
LogInit:      CURL_VERSION_IPV6
LogInit:      CURL_VERSION_ASYNCHDNS
LogInit:      CURL_VERSION_LARGEFILE
LogInit:      CURL_VERSION_IDN
LogInit:  CurlRequestOptions (configurable via config and command line):
LogInit:  - bVerifyPeer = true  - Libcurl will verify peer certificate
LogInit:  - bUseHttpProxy = false  - Libcurl will NOT use HTTP proxy
LogInit:  - bDontReuseConnections = false  - Libcurl will reuse connections
LogInit:  - MaxHostConnections = 16  - Libcurl will limit the number of connections to a host
LogInit:  - LocalHostAddr = Default
LogInit:  - BufferSize = 65536
LogInit: WinSock: version 1.1 (2.2), MaxSocks=32767, MaxUdp=65467
LogInit: Build: ++UE4+Release-4.22-CL-7053642
LogInit: Engine Version: 4.22.3-7053642+++UE4+Release-4.22
LogInit: Compatible Engine Version: 4.22.0-5660361+++UE4+Release-4.22
LogInit: Net CL: 5660361
LogInit: OS: Windows 10 (Release 1903) (), CPU: Intel(R) Core(TM) i7-4770 CPU @ 3.40GHz, GPU: NVIDIA GeForce GTX 1070
LogInit: Compiled (64-bit): Jun 18 2019 03:09:11
LogInit: Compiled with Visual C++: 19.16.27025.01
LogInit: Build Configuration: Development
LogInit: Branch Name: ++UE4+Release-4.22
LogInit: Command Line:  -EpicPortal -epicusername=DarkNinjaa -epicuserid=d62120a989464447a2693ac573907419 -epiclocale=en-US
LogInit: Base Directory: C:/Program Files/Epic Games/UE_4.22/Engine/Binaries/Win64/
LogInit: Installed Engine Build: 1
LogDevObjectVersion: Number of dev versions registered: 23
LogDevObjectVersion:   Dev-Blueprints (B0D832E4-1F89-4F0D-ACCF-7EB736FD4AA2): 10
LogDevObjectVersion:   Dev-Build (E1C64328-A22C-4D53-A36C-8E866417BD8C): 0
LogDevObjectVersion:   Dev-Core (375EC13C-06E4-48FB-B500-84F0262A717E): 3
LogDevObjectVersion:   Dev-Editor (E4B068ED-F494-42E9-A231-DA0B2E46BB41): 30
LogDevObjectVersion:   Dev-Framework (CFFC743F-43B0-4480-9391-14DF171D2073): 35
LogDevObjectVersion:   Dev-Mobile (B02B49B5-BB20-44E9-A304-32B752E40360): 2
LogDevObjectVersion:   Dev-Networking (A4E4105C-59A1-49B5-A7C5-40C4547EDFEE): 0
LogDevObjectVersion:   Dev-Online (39C831C9-5AE6-47DC-9A44-9C173E1C8E7C): 0
LogDevObjectVersion:   Dev-Physics (78F01B33-EBEA-4F98-B9B4-84EACCB95AA2): 0
LogDevObjectVersion:   Dev-Platform (6631380F-2D4D-43E0-8009-CF276956A95A): 0
LogDevObjectVersion:   Dev-Rendering (12F88B9F-8875-4AFC-A67C-D90C383ABD29): 28
LogDevObjectVersion:   Dev-Sequencer (7B5AE74C-D270-4C10-A958-57980B212A5A): 11
LogDevObjectVersion:   Dev-VR (D7296918-1DD6-4BDD-9DE2-64A83CC13884): 2
LogDevObjectVersion:   Dev-LoadTimes (C2A15278-BFE7-4AFE-6C17-90FF531DF755): 1
LogDevObjectVersion:   Private-Geometry (6EACA3D4-40EC-4CC1-B786-8BED09428FC5): 3
LogDevObjectVersion:   Dev-AnimPhys (29E575DD-E0A3-4627-9D10-D276232CDCEA): 17
LogDevObjectVersion:   Dev-Anim (AF43A65D-7FD3-4947-9873-3E8ED9C1BB05): 2
LogDevObjectVersion:   Dev-ReflectionCapture (6B266CEC-1EC7-4B8F-A30B-E4D90942FC07): 1
LogDevObjectVersion:   Dev-Automation (0DF73D61-A23F-47EA-B727-89E90C41499A): 1
LogDevObjectVersion:   FortniteMain (601D1886-AC64-4F84-AA16-D3DE0DEAC7D6): 25
LogDevObjectVersion:   Dev-Enterprise (9DFFBCD6-494F-0158-E221-12823C92A888): 6
LogDevObjectVersion:   Dev-Niagara (F2AED0AC-9AFE-416F-8664-AA7FFA26D6FC): 1
LogDevObjectVersion:   Dev-Destruction (174F1F0B-B4C6-45A5-B13F-2EE8D0FB917D): 2
LogInit: Presizing for max 16777216 objects, including 0 objects not considered by GC, pre-allocating 0 bytes for permanent pool.
LogInit: Object subsystem initialized
LogConfig: Setting CVar [[con.DebugEarlyDefault:1]]
LogConfig: Setting CVar [[r.setres:1280x720]]
[2019.09.24-21.07.06:785][  0]LogConfig: Setting CVar [[r.VSync:0]]
[2019.09.24-21.07.06:785][  0]LogConfig: Setting CVar [[r.RHICmdBypass:0]]
[2019.09.24-21.07.06:785][  0]LogConfig: Applying CVar settings from Section [/Script/Engine.RendererSettings] File [C:/Users/u1260737/Documents/GitHub/TeamSwing/TeamSwing/Saved/Config/Windows/Engine.ini]
[2019.09.24-21.07.06:785][  0]LogConfig: Setting CVar [[r.GPUCrashDebugging:0]]
[2019.09.24-21.07.06:785][  0]LogConfig: Applying CVar settings from Section [/Script/Engine.RendererOverrideSettings] File [C:/Users/u1260737/Documents/GitHub/TeamSwing/TeamSwing/Saved/Config/Windows/Engine.ini]
[2019.09.24-21.07.06:785][  0]LogConfig: Applying CVar settings from Section [/Script/Engine.StreamingSettings] File [C:/Users/u1260737/Documents/GitHub/TeamSwing/TeamSwing/Saved/Config/Windows/Engine.ini]
[2019.09.24-21.07.06:785][  0]LogConfig: Setting CVar [[s.MinBulkDataSizeForAsyncLoading:131072]]
[2019.09.24-21.07.06:785][  0]LogConfig: Setting CVar [[s.AsyncLoadingThreadEnabled:0]]
[2019.09.24-21.07.06:785][  0]LogConfig: Setting CVar [[s.EventDrivenLoaderEnabled:1]]
[2019.09.24-21.07.06:785][  0]LogConfig: Setting CVar [[s.WarnIfTimeLimitExceeded:0]]
[2019.09.24-21.07.06:785][  0]LogConfig: Setting CVar [[s.TimeLimitExceededMultiplier:1.5]]
[2019.09.24-21.07.06:786][  0]LogConfig: Setting CVar [[s.TimeLimitExceededMinTime:0.005]]
[2019.09.24-21.07.06:786][  0]LogConfig: Setting CVar [[s.UseBackgroundLevelStreaming:1]]
[2019.09.24-21.07.06:786][  0]LogConfig: Setting CVar [[s.PriorityAsyncLoadingExtraTime:15.0]]
[2019.09.24-21.07.06:786][  0]LogConfig: Setting CVar [[s.LevelStreamingActorsUpdateTimeLimit:5.0]]
[2019.09.24-21.07.06:786][  0]LogConfig: Setting CVar [[s.PriorityLevelStreamingActorsUpdateExtraTime:5.0]]
[2019.09.24-21.07.06:786][  0]LogConfig: Setting CVar [[s.LevelStreamingComponentsRegistrationGranularity:10]]
[2019.09.24-21.07.06:786][  0]LogConfig: Setting CVar [[s.UnregisterComponentsTimeLimit:1.0]]
[2019.09.24-21.07.06:786][  0]LogConfig: Setting CVar [[s.LevelStreamingComponentsUnregistrationGranularity:5]]
[2019.09.24-21.07.06:786][  0]LogConfig: Applying CVar settings from Section [/Script/Engine.GarbageCollectionSettings] File [C:/Users/u1260737/Documents/GitHub/TeamSwing/TeamSwing/Saved/Config/Windows/Engine.ini]
[2019.09.24-21.07.06:786][  0]LogConfig: Setting CVar [[gc.MaxObjectsNotConsideredByGC:1]]
[2019.09.24-21.07.06:786][  0]LogConfig: Setting CVar [[gc.SizeOfPermanentObjectPool:0]]
[2019.09.24-21.07.06:786][  0]LogConfig: Setting CVar [[gc.FlushStreamingOnGC:0]]
[2019.09.24-21.07.06:786][  0]LogConfig: Setting CVar [[gc.NumRetriesBeforeForcingGC:10]]
[2019.09.24-21.07.06:786][  0]LogConfig: Setting CVar [[gc.AllowParallelGC:1]]
[2019.09.24-21.07.06:786][  0]LogConfig: Setting CVar [[gc.TimeBetweenPurgingPendingKillObjects:61.1]]
[2019.09.24-21.07.06:786][  0]LogConfig: Setting CVar [[gc.MaxObjectsInEditor:16777216]]
[2019.09.24-21.07.06:786][  0]LogConfig: Setting CVar [[gc.IncrementalBeginDestroyEnabled:1]]
[2019.09.24-21.07.06:786][  0]LogConfig: Setting CVar [[gc.CreateGCClusters:1]]
[2019.09.24-21.07.06:786][  0]LogConfig: Setting CVar [[gc.MinGCClusterSize:5]]
[2019.09.24-21.07.06:786][  0]LogConfig: Setting CVar [[gc.ActorClusteringEnabled:0]]
[2019.09.24-21.07.06:786][  0]LogConfig: Setting CVar [[gc.BlueprintClusteringEnabled:0]]
[2019.09.24-21.07.06:786][  0]LogConfig: Setting CVar [[gc.UseDisregardForGCOnDedicatedServers:0]]
[2019.09.24-21.07.06:786][  0]LogConfig: Applying CVar settings from Section [/Script/Engine.NetworkSettings] File [C:/Users/u1260737/Documents/GitHub/TeamSwing/TeamSwing/Saved/Config/Windows/Engine.ini]
[2019.09.24-21.07.06:786][  0]LogConfig: Applying CVar settings from Section [/Script/UnrealEd.CookerSettings] File [C:/Users/u1260737/Documents/GitHub/TeamSwing/TeamSwing/Saved/Config/Windows/Engine.ini]
[2019.09.24-21.07.06:792][  0]LogConfig: Applying CVar settings from Section [ViewDistanceQuality@3] File [C:/Users/u1260737/Documents/GitHub/TeamSwing/TeamSwing/Saved/Config/Windows/Scalability.ini]
[2019.09.24-21.07.06:792][  0]LogConfig: Setting CVar [[r.SkeletalMeshLODBias:0]]
[2019.09.24-21.07.06:792][  0]LogConfig: Setting CVar [[r.ViewDistanceScale:1.0]]
[2019.09.24-21.07.06:792][  0]LogConfig: Applying CVar settings from Section [AntiAliasingQuality@3] File [C:/Users/u1260737/Documents/GitHub/TeamSwing/TeamSwing/Saved/Config/Windows/Scalability.ini]
[2019.09.24-21.07.06:792][  0]LogConfig: Setting CVar [[r.PostProcessAAQuality:4]]
[2019.09.24-21.07.06:792][  0]LogConfig: Applying CVar settings from Section [ShadowQuality@3] File [C:/Users/u1260737/Documents/GitHub/TeamSwing/TeamSwing/Saved/Config/Windows/Scalability.ini]
[2019.09.24-21.07.06:792][  0]LogConfig: Setting CVar [[r.LightFunctionQuality:1]]
[2019.09.24-21.07.06:792][  0]LogConfig: Setting CVar [[r.ShadowQuality:5]]
[2019.09.24-21.07.06:792][  0]LogConfig: Setting CVar [[r.Shadow.CSM.MaxCascades:10]]
[2019.09.24-21.07.06:792][  0]LogConfig: Setting CVar [[r.Shadow.MaxResolution:2048]]
[2019.09.24-21.07.06:792][  0]LogConfig: Setting CVar [[r.Shadow.MaxCSMResolution:2048]]
[2019.09.24-21.07.06:792][  0]LogConfig: Setting CVar [[r.Shadow.RadiusThreshold:0.01]]
[2019.09.24-21.07.06:792][  0]LogConfig: Setting CVar [[r.Shadow.DistanceScale:1.0]]
[2019.09.24-21.07.06:792][  0]LogConfig: Setting CVar [[r.Shadow.CSM.TransitionScale:1.0]]
[2019.09.24-21.07.06:792][  0]LogConfig: Setting CVar [[r.Shadow.PreShadowResolutionFactor:1.0]]
[2019.09.24-21.07.06:792][  0]LogConfig: Setting CVar [[r.DistanceFieldShadowing:1]]
[2019.09.24-21.07.06:792][  0]LogConfig: Setting CVar [[r.DistanceFieldAO:1]]
[2019.09.24-21.07.06:792][  0]LogConfig: Setting CVar [[r.AOQuality:2]]
[2019.09.24-21.07.06:792][  0]LogConfig: Setting CVar [[r.VolumetricFog:1]]
[2019.09.24-21.07.06:792][  0]LogConfig: Setting CVar [[r.VolumetricFog.GridPixelSize:8]]
[2019.09.24-21.07.06:792][  0]LogConfig: Setting CVar [[r.VolumetricFog.GridSizeZ:128]]
[2019.09.24-21.07.06:792][  0]LogConfig: Setting CVar [[r.VolumetricFog.HistoryMissSupersampleCount:4]]
[2019.09.24-21.07.06:792][  0]LogConfig: Setting CVar [[r.LightMaxDrawDistanceScale:1]]
[2019.09.24-21.07.06:792][  0]LogConfig: Setting CVar [[r.CapsuleShadows:1]]
[2019.09.24-21.07.06:792][  0]LogConfig: Applying CVar settings from Section [PostProcessQuality@3] File [C:/Users/u1260737/Documents/GitHub/TeamSwing/TeamSwing/Saved/Config/Windows/Scalability.ini]
[2019.09.24-21.07.06:792][  0]LogConfig: Setting CVar [[r.MotionBlurQuality:4]]
[2019.09.24-21.07.06:792][  0]LogConfig: Setting CVar [[r.AmbientOcclusionMipLevelFactor:0.4]]
[2019.09.24-21.07.06:792][  0]LogConfig: Setting CVar [[r.AmbientOcclusionMaxQuality:100]]
[2019.09.24-21.07.06:792][  0]LogConfig: Setting CVar [[r.AmbientOcclusionLevels:-1]]
[2019.09.24-21.07.06:792][  0]LogConfig: Setting CVar [[r.AmbientOcclusionRadiusScale:1.0]]
[2019.09.24-21.07.06:792][  0]LogConfig: Setting CVar [[r.DepthOfFieldQuality:2]]
[2019.09.24-21.07.06:792][  0]LogConfig: Setting CVar [[r.RenderTargetPoolMin:400]]
[2019.09.24-21.07.06:792][  0]LogConfig: Setting CVar [[r.LensFlareQuality:2]]
[2019.09.24-21.07.06:792][  0]LogConfig: Setting CVar [[r.SceneColorFringeQuality:1]]
[2019.09.24-21.07.06:792][  0]LogConfig: Setting CVar [[r.EyeAdaptationQuality:2]]
[2019.09.24-21.07.06:792][  0]LogConfig: Setting CVar [[r.BloomQuality:5]]
[2019.09.24-21.07.06:792][  0]LogConfig: Setting CVar [[r.FastBlurThreshold:100]]
[2019.09.24-21.07.06:792][  0]LogConfig: Setting CVar [[r.Upscale.Quality:3]]
[2019.09.24-21.07.06:792][  0]LogConfig: Setting CVar [[r.Tonemapper.GrainQuantization:1]]
[2019.09.24-21.07.06:792][  0]LogConfig: Setting CVar [[r.LightShaftQuality:1]]
[2019.09.24-21.07.06:792][  0]LogConfig: Setting CVar [[r.Filter.SizeScale:1]]
[2019.09.24-21.07.06:792][  0]LogConfig: Setting CVar [[r.Tonemapper.Quality:5]]
[2019.09.24-21.07.06:792][  0]LogConfig: Setting CVar [[r.DOF.Gather.AccumulatorQuality:1        ; higher gathering accumulator quality]]
[2019.09.24-21.07.06:792][  0]LogConfig: Setting CVar [[r.DOF.Gather.PostfilterMethod:1          ; Median3x3 postfilering method]]
[2019.09.24-21.07.06:792][  0]LogConfig: Setting CVar [[r.DOF.Gather.EnableBokehSettings:0       ; no bokeh simulation when gathering]]
[2019.09.24-21.07.06:792][  0]LogConfig: Setting CVar [[r.DOF.Gather.RingCount:4                 ; medium number of samples when gathering]]
[2019.09.24-21.07.06:792][  0]LogConfig: Setting CVar [[r.DOF.Scatter.ForegroundCompositing:1    ; additive foreground scattering]]
[2019.09.24-21.07.06:792][  0]LogConfig: Setting CVar [[r.DOF.Scatter.BackgroundCompositing:2    ; additive background scattering]]
[2019.09.24-21.07.06:792][  0]LogConfig: Setting CVar [[r.DOF.Scatter.EnableBokehSettings:1      ; bokeh simulation when scattering]]
[2019.09.24-21.07.06:792][  0]LogConfig: Setting CVar [[r.DOF.Scatter.MaxSpriteRatio:0.1         ; only a maximum of 10% of scattered bokeh]]
[2019.09.24-21.07.06:792][  0]LogConfig: Setting CVar [[r.DOF.Recombine.Quality:1                ; cheap slight out of focus]]
[2019.09.24-21.07.06:792][  0]LogConfig: Setting CVar [[r.DOF.Recombine.EnableBokehSettings:0    ; no bokeh simulation on slight out of focus]]
[2019.09.24-21.07.06:793][  0]LogConfig: Setting CVar [[r.DOF.TemporalAAQuality:1                ; more stable temporal accumulation]]
[2019.09.24-21.07.06:793][  0]LogConfig: Setting CVar [[r.DOF.Kernel.MaxForegroundRadius:0.025]]
[2019.09.24-21.07.06:793][  0]LogConfig: Setting CVar [[r.DOF.Kernel.MaxBackgroundRadius:0.025]]
[2019.09.24-21.07.06:793][  0]LogConfig: Applying CVar settings from Section [TextureQuality@3] File [C:/Users/u1260737/Documents/GitHub/TeamSwing/TeamSwing/Saved/Config/Windows/Scalability.ini]
[2019.09.24-21.07.06:793][  0]LogConfig: Setting CVar [[r.Streaming.MipBias:0]]
[2019.09.24-21.07.06:793][  0]LogConfig: Setting CVar [[r.Streaming.AmortizeCPUToGPUCopy:0]]
[2019.09.24-21.07.06:793][  0]LogConfig: Setting CVar [[r.Streaming.MaxNumTexturesToStreamPerFrame:0]]
[2019.09.24-21.07.06:793][  0]LogConfig: Setting CVar [[r.Streaming.Boost:1]]
[2019.09.24-21.07.06:793][  0]LogConfig: Setting CVar [[r.MaxAnisotropy:8]]
[2019.09.24-21.07.06:793][  0]LogConfig: Setting CVar [[r.Streaming.LimitPoolSizeToVRAM:0]]
[2019.09.24-21.07.06:793][  0]LogConfig: Setting CVar [[r.Streaming.PoolSize:1000]]
[2019.09.24-21.07.06:793][  0]LogConfig: Setting CVar [[r.Streaming.MaxEffectiveScreenSize:0]]
[2019.09.24-21.07.06:793][  0]LogConfig: Applying CVar settings from Section [EffectsQuality@3] File [C:/Users/u1260737/Documents/GitHub/TeamSwing/TeamSwing/Saved/Config/Windows/Scalability.ini]
[2019.09.24-21.07.06:793][  0]LogConfig: Setting CVar [[r.TranslucencyLightingVolumeDim:64]]
[2019.09.24-21.07.06:793][  0]LogConfig: Setting CVar [[r.RefractionQuality:2]]
[2019.09.24-21.07.06:793][  0]LogConfig: Setting CVar [[r.SSR.Quality:3]]
[2019.09.24-21.07.06:793][  0]LogConfig: Setting CVar [[r.SceneColorFormat:4]]
[2019.09.24-21.07.06:793][  0]LogConfig: Setting CVar [[r.DetailMode:2]]
[2019.09.24-21.07.06:793][  0]LogConfig: Setting CVar [[r.TranslucencyVolumeBlur:1]]
[2019.09.24-21.07.06:793][  0]LogConfig: Setting CVar [[r.MaterialQualityLevel:1 ; High quality]]
[2019.09.24-21.07.06:793][  0]LogConfig: Setting CVar [[r.SSS.Scale:1]]
[2019.09.24-21.07.06:793][  0]LogConfig: Setting CVar [[r.SSS.SampleSet:2]]
[2019.09.24-21.07.06:793][  0]LogConfig: Setting CVar [[r.SSS.Quality:1]]
[2019.09.24-21.07.06:793][  0]LogConfig: Setting CVar [[r.SSS.HalfRes:1]]
[2019.09.24-21.07.06:793][  0]LogConfig: Setting CVar [[r.EmitterSpawnRateScale:1.0]]
[2019.09.24-21.07.06:793][  0]LogConfig: Setting CVar [[r.ParticleLightQuality:2]]
[2019.09.24-21.07.06:793][  0]LogConfig: Applying CVar settings from Section [FoliageQuality@3] File [C:/Users/u1260737/Documents/GitHub/TeamSwing/TeamSwing/Saved/Config/Windows/Scalability.ini]
[2019.09.24-21.07.06:793][  0]LogConfig: Setting CVar [[foliage.DensityScale:1.0]]
[2019.09.24-21.07.06:793][  0]LogConfig: Setting CVar [[grass.DensityScale:1.0]]
[2019.09.24-21.07.06:793][  0]LogInit: Selected Device Profile: [Windows]
[2019.09.24-21.07.06:793][  0]LogInit: Applying CVar settings loaded from the selected device profile: [Windows]
[2019.09.24-21.07.06:809][  0]LogHAL: Display: Platform has ~ 32 GB [34299265024 / 34359738368 / 32], which maps to Largest [LargestMinGB=32, LargerMinGB=12, DefaultMinGB=8, SmallerMinGB=6, SmallestMinGB=0)
[2019.09.24-21.07.06:809][  0]LogConfig: Setting CVar [[r.Vulkan.UseRealUBs:0		; Required until we fix HLR fall-out]]
[2019.09.24-21.07.06:809][  0]LogInit: Going up to parent DeviceProfile []
[2019.09.24-21.07.06:809][  0]LogConfig: Applying CVar settings from Section [ViewDistanceQuality@3] File [C:/Users/u1260737/Documents/GitHub/TeamSwing/TeamSwing/Saved/Config/Windows/Scalability.ini]
[2019.09.24-21.07.06:809][  0]LogConfig: Setting CVar [[r.SkeletalMeshLODBias:0]]
[2019.09.24-21.07.06:809][  0]LogConfig: Setting CVar [[r.ViewDistanceScale:1.0]]
[2019.09.24-21.07.06:809][  0]LogConfig: Applying CVar settings from Section [AntiAliasingQuality@3] File [C:/Users/u1260737/Documents/GitHub/TeamSwing/TeamSwing/Saved/Config/Windows/Scalability.ini]
[2019.09.24-21.07.06:809][  0]LogConfig: Setting CVar [[r.PostProcessAAQuality:4]]
[2019.09.24-21.07.06:810][  0]LogConfig: Applying CVar settings from Section [ShadowQuality@3] File [C:/Users/u1260737/Documents/GitHub/TeamSwing/TeamSwing/Saved/Config/Windows/Scalability.ini]
[2019.09.24-21.07.06:810][  0]LogConfig: Setting CVar [[r.LightFunctionQuality:1]]
[2019.09.24-21.07.06:810][  0]LogConfig: Setting CVar [[r.ShadowQuality:5]]
[2019.09.24-21.07.06:810][  0]LogConfig: Setting CVar [[r.Shadow.CSM.MaxCascades:10]]
[2019.09.24-21.07.06:810][  0]LogConfig: Setting CVar [[r.Shadow.MaxResolution:2048]]
[2019.09.24-21.07.06:810][  0]LogConfig: Setting CVar [[r.Shadow.MaxCSMResolution:2048]]
[2019.09.24-21.07.06:810][  0]LogConfig: Setting CVar [[r.Shadow.RadiusThreshold:0.01]]
[2019.09.24-21.07.06:810][  0]LogConfig: Setting CVar [[r.Shadow.DistanceScale:1.0]]
[2019.09.24-21.07.06:810][  0]LogConfig: Setting CVar [[r.Shadow.CSM.TransitionScale:1.0]]
[2019.09.24-21.07.06:810][  0]LogConfig: Setting CVar [[r.Shadow.PreShadowResolutionFactor:1.0]]
[2019.09.24-21.07.06:810][  0]LogConfig: Setting CVar [[r.DistanceFieldShadowing:1]]
[2019.09.24-21.07.06:810][  0]LogConfig: Setting CVar [[r.DistanceFieldAO:1]]
[2019.09.24-21.07.06:810][  0]LogConfig: Setting CVar [[r.AOQuality:2]]
[2019.09.24-21.07.06:810][  0]LogConfig: Setting CVar [[r.VolumetricFog:1]]
[2019.09.24-21.07.06:810][  0]LogConfig: Setting CVar [[r.VolumetricFog.GridPixelSize:8]]
[2019.09.24-21.07.06:810][  0]LogConfig: Setting CVar [[r.VolumetricFog.GridSizeZ:128]]
[2019.09.24-21.07.06:810][  0]LogConfig: Setting CVar [[r.VolumetricFog.HistoryMissSupersampleCount:4]]
[2019.09.24-21.07.06:810][  0]LogConfig: Setting CVar [[r.LightMaxDrawDistanceScale:1]]
[2019.09.24-21.07.06:810][  0]LogConfig: Setting CVar [[r.CapsuleShadows:1]]
[2019.09.24-21.07.06:810][  0]LogConfig: Applying CVar settings from Section [PostProcessQuality@3] File [C:/Users/u1260737/Documents/GitHub/TeamSwing/TeamSwing/Saved/Config/Windows/Scalability.ini]
[2019.09.24-21.07.06:810][  0]LogConfig: Setting CVar [[r.MotionBlurQuality:4]]
[2019.09.24-21.07.06:810][  0]LogConfig: Setting CVar [[r.AmbientOcclusionMipLevelFactor:0.4]]
[2019.09.24-21.07.06:810][  0]LogConfig: Setting CVar [[r.AmbientOcclusionMaxQuality:100]]
[2019.09.24-21.07.06:810][  0]LogConfig: Setting CVar [[r.AmbientOcclusionLevels:-1]]
[2019.09.24-21.07.06:810][  0]LogConfig: Setting CVar [[r.AmbientOcclusionRadiusScale:1.0]]
[2019.09.24-21.07.06:810][  0]LogConfig: Setting CVar [[r.DepthOfFieldQuality:2]]
[2019.09.24-21.07.06:810][  0]LogConfig: Setting CVar [[r.RenderTargetPoolMin:400]]
[2019.09.24-21.07.06:810][  0]LogConfig: Setting CVar [[r.LensFlareQuality:2]]
[2019.09.24-21.07.06:810][  0]LogConfig: Setting CVar [[r.SceneColorFringeQuality:1]]
[2019.09.24-21.07.06:810][  0]LogConfig: Setting CVar [[r.EyeAdaptationQuality:2]]
[2019.09.24-21.07.06:810][  0]LogConfig: Setting CVar [[r.BloomQuality:5]]
[2019.09.24-21.07.06:810][  0]LogConfig: Setting CVar [[r.FastBlurThreshold:100]]
[2019.09.24-21.07.06:810][  0]LogConfig: Setting CVar [[r.Upscale.Quality:3]]
[2019.09.24-21.07.06:810][  0]LogConfig: Setting CVar [[r.Tonemapper.GrainQuantization:1]]
[2019.09.24-21.07.06:810][  0]LogConfig: Setting CVar [[r.LightShaftQuality:1]]
[2019.09.24-21.07.06:810][  0]LogConfig: Setting CVar [[r.Filter.SizeScale:1]]
[2019.09.24-21.07.06:810][  0]LogConfig: Setting CVar [[r.Tonemapper.Quality:5]]
[2019.09.24-21.07.06:810][  0]LogConfig: Setting CVar [[r.DOF.Gather.AccumulatorQuality:1        ; higher gathering accumulator quality]]
[2019.09.24-21.07.06:810][  0]LogConfig: Setting CVar [[r.DOF.Gather.PostfilterMethod:1          ; Median3x3 postfilering method]]
[2019.09.24-21.07.06:810][  0]LogConfig: Setting CVar [[r.DOF.Gather.EnableBokehSettings:0       ; no bokeh simulation when gathering]]
[2019.09.24-21.07.06:810][  0]LogConfig: Setting CVar [[r.DOF.Gather.RingCount:4                 ; medium number of samples when gathering]]
[2019.09.24-21.07.06:810][  0]LogConfig: Setting CVar [[r.DOF.Scatter.ForegroundCompositing:1    ; additive foreground scattering]]
[2019.09.24-21.07.06:810][  0]LogConfig: Setting CVar [[r.DOF.Scatter.BackgroundCompositing:2    ; additive background scattering]]
[2019.09.24-21.07.06:810][  0]LogConfig: Setting CVar [[r.DOF.Scatter.EnableBokehSettings:1      ; bokeh simulation when scattering]]
[2019.09.24-21.07.06:810][  0]LogConfig: Setting CVar [[r.DOF.Scatter.MaxSpriteRatio:0.1         ; only a maximum of 10% of scattered bokeh]]
[2019.09.24-21.07.06:810][  0]LogConfig: Setting CVar [[r.DOF.Recombine.Quality:1                ; cheap slight out of focus]]
[2019.09.24-21.07.06:810][  0]LogConfig: Setting CVar [[r.DOF.Recombine.EnableBokehSettings:0    ; no bokeh simulation on slight out of focus]]
[2019.09.24-21.07.06:810][  0]LogConfig: Setting CVar [[r.DOF.TemporalAAQuality:1                ; more stable temporal accumulation]]
[2019.09.24-21.07.06:810][  0]LogConfig: Setting CVar [[r.DOF.Kernel.MaxForegroundRadius:0.025]]
[2019.09.24-21.07.06:810][  0]LogConfig: Setting CVar [[r.DOF.Kernel.MaxBackgroundRadius:0.025]]
[2019.09.24-21.07.06:810][  0]LogConfig: Applying CVar settings from Section [TextureQuality@3] File [C:/Users/u1260737/Documents/GitHub/TeamSwing/TeamSwing/Saved/Config/Windows/Scalability.ini]
[2019.09.24-21.07.06:810][  0]LogConfig: Setting CVar [[r.Streaming.MipBias:0]]
[2019.09.24-21.07.06:810][  0]LogConfig: Setting CVar [[r.Streaming.AmortizeCPUToGPUCopy:0]]
[2019.09.24-21.07.06:810][  0]LogConfig: Setting CVar [[r.Streaming.MaxNumTexturesToStreamPerFrame:0]]
[2019.09.24-21.07.06:810][  0]LogConfig: Setting CVar [[r.Streaming.Boost:1]]
[2019.09.24-21.07.06:810][  0]LogConfig: Setting CVar [[r.MaxAnisotropy:8]]
[2019.09.24-21.07.06:810][  0]LogConfig: Setting CVar [[r.Streaming.LimitPoolSizeToVRAM:0]]
[2019.09.24-21.07.06:810][  0]LogConfig: Setting CVar [[r.Streaming.PoolSize:1000]]
[2019.09.24-21.07.06:810][  0]LogConfig: Setting CVar [[r.Streaming.MaxEffectiveScreenSize:0]]
[2019.09.24-21.07.06:810][  0]LogConfig: Applying CVar settings from Section [EffectsQuality@3] File [C:/Users/u1260737/Documents/GitHub/TeamSwing/TeamSwing/Saved/Config/Windows/Scalability.ini]
[2019.09.24-21.07.06:810][  0]LogConfig: Setting CVar [[r.TranslucencyLightingVolumeDim:64]]
[2019.09.24-21.07.06:810][  0]LogConfig: Setting CVar [[r.RefractionQuality:2]]
[2019.09.24-21.07.06:810][  0]LogConfig: Setting CVar [[r.SSR.Quality:3]]
[2019.09.24-21.07.06:810][  0]LogConfig: Setting CVar [[r.SceneColorFormat:4]]
[2019.09.24-21.07.06:810][  0]LogConfig: Setting CVar [[r.DetailMode:2]]
[2019.09.24-21.07.06:810][  0]LogConfig: Setting CVar [[r.TranslucencyVolumeBlur:1]]
[2019.09.24-21.07.06:810][  0]LogConfig: Setting CVar [[r.MaterialQualityLevel:1 ; High quality]]
[2019.09.24-21.07.06:810][  0]LogConfig: Setting CVar [[r.SSS.Scale:1]]
[2019.09.24-21.07.06:810][  0]LogConfig: Setting CVar [[r.SSS.SampleSet:2]]
[2019.09.24-21.07.06:810][  0]LogConfig: Setting CVar [[r.SSS.Quality:1]]
[2019.09.24-21.07.06:810][  0]LogConfig: Setting CVar [[r.SSS.HalfRes:1]]
[2019.09.24-21.07.06:810][  0]LogConfig: Setting CVar [[r.EmitterSpawnRateScale:1.0]]
[2019.09.24-21.07.06:810][  0]LogConfig: Setting CVar [[r.ParticleLightQuality:2]]
[2019.09.24-21.07.06:810][  0]LogConfig: Applying CVar settings from Section [FoliageQuality@3] File [C:/Users/u1260737/Documents/GitHub/TeamSwing/TeamSwing/Saved/Config/Windows/Scalability.ini]
[2019.09.24-21.07.06:811][  0]LogConfig: Setting CVar [[foliage.DensityScale:1.0]]
[2019.09.24-21.07.06:811][  0]LogConfig: Setting CVar [[grass.DensityScale:1.0]]
[2019.09.24-21.07.06:811][  0]LogConfig: Applying CVar settings from Section [Startup] File [../../../Engine/Config/ConsoleVariables.ini]
[2019.09.24-21.07.06:811][  0]LogConfig: Setting CVar [[net.UseAdaptiveNetUpdateFrequency:0]]
[2019.09.24-21.07.06:811][  0]LogConfig: Setting CVar [[p.chaos.AllowCreatePhysxBodies:1]]
[2019.09.24-21.07.06:811][  0]LogConfig: Applying CVar settings from Section [ConsoleVariables] File [C:/Users/u1260737/Documents/GitHub/TeamSwing/TeamSwing/Saved/Config/Windows/Engine.ini]
[2019.09.24-21.07.06:811][  0]LogInit: Computer: eae-z97-036
[2019.09.24-21.07.06:811][  0]LogInit: User: u1260737
[2019.09.24-21.07.06:811][  0]LogInit: CPU Page size=4096, Cores=4
[2019.09.24-21.07.06:811][  0]LogInit: High frequency timer resolution =10.000000 MHz
[2019.09.24-21.07.06:811][  0]LogMemory: Memory total: Physical=31.9GB (32GB approx)
[2019.09.24-21.07.06:811][  0]LogMemory: Platform Memory Stats for Windows
[2019.09.24-21.07.06:811][  0]LogMemory: Process Physical Memory: 95.99 MB used, 95.99 MB peak
[2019.09.24-21.07.06:811][  0]LogMemory: Process Virtual Memory: 90.38 MB used, 90.38 MB peak
[2019.09.24-21.07.06:811][  0]LogMemory: Physical Memory: 6540.39 MB used,  26169.94 MB free, 32710.33 MB total
[2019.09.24-21.07.06:811][  0]LogMemory: Virtual Memory: 4643.70 MB used,  134213088.00 MB free, 134217728.00 MB total
[2019.09.24-21.07.06:831][  0]LogInit: Using OS detected language (en-US).
[2019.09.24-21.07.06:831][  0]LogInit: Using OS detected locale (en-US).
[2019.09.24-21.07.06:831][  0]LogTextLocalizationManager: No specific localization for 'en-US' exists, so the 'en' localization will be used.
[2019.09.24-21.07.07:019][  0]LogInit: Setting process to per monitor DPI aware
[2019.09.24-21.07.07:063][  0]LogSlate: New Slate User Created.  User Index 0, Is Virtual User: 0
[2019.09.24-21.07.07:063][  0]LogSlate: Slate User Registered.  User Index 0, Is Virtual User: 0
[2019.09.24-21.07.07:242][  0]LogHMD: Failed to initialize OpenVR with code 110
[2019.09.24-21.07.07:242][  0]LogD3D11RHI: D3D11 adapters:
[2019.09.24-21.07.07:308][  0]LogD3D11RHI:    0. 'NVIDIA GeForce GTX 1070' (Feature Level 11_0)
[2019.09.24-21.07.07:308][  0]LogD3D11RHI:       8088/0/16355 MB DedicatedVideo/DedicatedSystem/SharedSystem, Outputs:2, VendorId:0x10de
[2019.09.24-21.07.07:310][  0]LogD3D11RHI:    1. 'Microsoft Basic Render Driver' (Feature Level 11_0)
[2019.09.24-21.07.07:310][  0]LogD3D11RHI:       0/0/16355 MB DedicatedVideo/DedicatedSystem/SharedSystem, Outputs:0, VendorId:0x1414
[2019.09.24-21.07.07:310][  0]LogD3D11RHI: Chosen D3D11 Adapter: 0
[2019.09.24-21.07.07:318][  0]LogD3D11RHI: Creating new Direct3DDevice
[2019.09.24-21.07.07:318][  0]LogD3D11RHI:     GPU DeviceId: 0x1b81 (for the marketing name, search the web for "GPU Device Id")
[2019.09.24-21.07.07:318][  0]LogWindows: EnumDisplayDevices:
[2019.09.24-21.07.07:319][  0]LogWindows:    0. 'NVIDIA GeForce GTX 1070' (P:1 D:1)
[2019.09.24-21.07.07:319][  0]LogWindows:    1. 'NVIDIA GeForce GTX 1070' (P:0 D:1)
[2019.09.24-21.07.07:319][  0]LogWindows:    2. 'NVIDIA GeForce GTX 1070' (P:0 D:0)
[2019.09.24-21.07.07:319][  0]LogWindows:    3. 'NVIDIA GeForce GTX 1070' (P:0 D:0)
[2019.09.24-21.07.07:319][  0]LogWindows: DebugString: FoundDriverCount:4 
[2019.09.24-21.07.07:319][  0]LogD3D11RHI:     Adapter Name: NVIDIA GeForce GTX 1070
[2019.09.24-21.07.07:319][  0]LogD3D11RHI:   Driver Version: 431.60 (internal:26.21.14.3160, unified:431.60)
[2019.09.24-21.07.07:319][  0]LogD3D11RHI:      Driver Date: 7-17-2019
[2019.09.24-21.07.07:319][  0]LogRHI: Texture pool is 5661 MB (70% of 8088 MB)
[2019.09.24-21.07.07:364][  0]LogD3D11RHI: Async texture creation enabled
[2019.09.24-21.07.07:368][  0]LogRendererCore: FGlobalReadBuffer::InitRHI
[2019.09.24-21.07.07:369][  0]LogRendererCore: FGlobalReadBuffer::InitRHI
[2019.09.24-21.07.07:369][  0]LogRendererCore: FGlobalReadBuffer::InitRHI
[2019.09.24-21.07.07:377][  0]LogD3D11RHI: GPU Timing Frequency: 1000.000000 (Debug: 2 1)
[2019.09.24-21.07.07:753][  0]LogTemp: Display: Module 'AllDesktopTargetPlatform' loaded TargetPlatform 'AllDesktop'
[2019.09.24-21.07.07:769][  0]LogTemp: Display: Module 'MacClientTargetPlatform' loaded TargetPlatform 'MacClient'
[2019.09.24-21.07.07:785][  0]LogTemp: Display: Module 'MacNoEditorTargetPlatform' loaded TargetPlatform 'MacNoEditor'
[2019.09.24-21.07.07:798][  0]LogTemp: Display: Module 'MacServerTargetPlatform' loaded TargetPlatform 'MacServer'
[2019.09.24-21.07.07:811][  0]LogTemp: Display: Module 'MacTargetPlatform' loaded TargetPlatform 'Mac'
[2019.09.24-21.07.07:825][  0]LogTemp: Display: Module 'WindowsClientTargetPlatform' loaded TargetPlatform 'WindowsClient'
[2019.09.24-21.07.07:839][  0]LogTemp: Display: Module 'WindowsNoEditorTargetPlatform' loaded TargetPlatform 'WindowsNoEditor'
[2019.09.24-21.07.07:852][  0]LogTemp: Display: Module 'WindowsServerTargetPlatform' loaded TargetPlatform 'WindowsServer'
[2019.09.24-21.07.07:858][  0]LogTemp: Display: Module 'WindowsTargetPlatform' loaded TargetPlatform 'Windows'
[2019.09.24-21.07.07:940][  0]LogTemp: Display: Module 'AndroidTargetPlatform' loaded TargetPlatform 'Android'
[2019.09.24-21.07.07:940][  0]LogTemp: Display: Module 'AndroidTargetPlatform' loaded TargetPlatform 'Android_ASTC'
[2019.09.24-21.07.07:940][  0]LogTemp: Display: Module 'AndroidTargetPlatform' loaded TargetPlatform 'Android_ATC'
[2019.09.24-21.07.07:940][  0]LogTemp: Display: Module 'AndroidTargetPlatform' loaded TargetPlatform 'Android_DXT'
[2019.09.24-21.07.07:940][  0]LogTemp: Display: Module 'AndroidTargetPlatform' loaded TargetPlatform 'Android_ETC1'
[2019.09.24-21.07.07:940][  0]LogTemp: Display: Module 'AndroidTargetPlatform' loaded TargetPlatform 'Android_ETC1a'
[2019.09.24-21.07.07:940][  0]LogTemp: Display: Module 'AndroidTargetPlatform' loaded TargetPlatform 'Android_ETC2'
[2019.09.24-21.07.07:940][  0]LogTemp: Display: Module 'AndroidTargetPlatform' loaded TargetPlatform 'Android_PVRTC'
[2019.09.24-21.07.07:940][  0]LogTemp: Display: Module 'AndroidTargetPlatform' loaded TargetPlatform 'AndroidClient'
[2019.09.24-21.07.07:940][  0]LogTemp: Display: Module 'AndroidTargetPlatform' loaded TargetPlatform 'Android_ASTCClient'
[2019.09.24-21.07.07:940][  0]LogTemp: Display: Module 'AndroidTargetPlatform' loaded TargetPlatform 'Android_ATCClient'
[2019.09.24-21.07.07:940][  0]LogTemp: Display: Module 'AndroidTargetPlatform' loaded TargetPlatform 'Android_DXTClient'
[2019.09.24-21.07.07:940][  0]LogTemp: Display: Module 'AndroidTargetPlatform' loaded TargetPlatform 'Android_ETC1Client'
[2019.09.24-21.07.07:940][  0]LogTemp: Display: Module 'AndroidTargetPlatform' loaded TargetPlatform 'Android_ETC1aClient'
[2019.09.24-21.07.07:940][  0]LogTemp: Display: Module 'AndroidTargetPlatform' loaded TargetPlatform 'Android_ETC2Client'
[2019.09.24-21.07.07:940][  0]LogTemp: Display: Module 'AndroidTargetPlatform' loaded TargetPlatform 'Android_PVRTCClient'
[2019.09.24-21.07.07:940][  0]LogTemp: Display: Module 'AndroidTargetPlatform' loaded TargetPlatform 'Android_Multi'
[2019.09.24-21.07.07:940][  0]LogTemp: Display: Module 'AndroidTargetPlatform' loaded TargetPlatform 'Android_MultiClient'
[2019.09.24-21.07.07:942][  0]LogTemp: Display: Module 'HTML5TargetPlatform' loaded TargetPlatform 'HTML5'
[2019.09.24-21.07.07:991][  0]LogTemp: Display: Module 'IOSTargetPlatform' loaded TargetPlatform 'IOSClient'
[2019.09.24-21.07.07:991][  0]LogTemp: Display: Module 'IOSTargetPlatform' loaded TargetPlatform 'IOS'
[2019.09.24-21.07.08:017][  0]LogTemp: Display: Module 'TVOSTargetPlatform' loaded TargetPlatform 'TVOSClient'
[2019.09.24-21.07.08:017][  0]LogTemp: Display: Module 'TVOSTargetPlatform' loaded TargetPlatform 'TVOS'
[2019.09.24-21.07.08:028][  0]LogTemp: Display: Module 'LinuxClientTargetPlatform' loaded TargetPlatform 'LinuxClient'
[2019.09.24-21.07.08:041][  0]LogTemp: Display: Module 'LinuxNoEditorTargetPlatform' loaded TargetPlatform 'LinuxNoEditor'
[2019.09.24-21.07.08:053][  0]LogTemp: Display: Module 'LinuxServerTargetPlatform' loaded TargetPlatform 'LinuxServer'
[2019.09.24-21.07.08:066][  0]LogTemp: Display: Module 'LinuxTargetPlatform' loaded TargetPlatform 'Linux'
[2019.09.24-21.07.08:112][  0]LogTemp: Display: Module 'LuminTargetPlatform' loaded TargetPlatform 'Lumin'
[2019.09.24-21.07.08:112][  0]LogTemp: Display: Module 'LuminTargetPlatform' loaded TargetPlatform 'LuminClient'
[2019.09.24-21.07.08:112][  0]LogTargetPlatformManager: Display: Building Assets For Windows
[2019.09.24-21.07.08:121][  0]LogAudioDebug: Display: Lib vorbis DLL was dynamically loaded.
[2019.09.24-21.07.08:169][  0]LogShaderCompilers: Guid format shader working directory is -21 characters bigger than the processId version (../../../../../../Users/u1260737/Documents/GitHub/TeamSwing/TeamSwing/Intermediate/Shaders/WorkingDirectory/11008/).
[2019.09.24-21.07.08:169][  0]LogShaderCompilers: Cleaned the shader compiler working directory 'C:/Users/u1260737/AppData/Local/Temp/UnrealShaderWorkingDir/881028174E796C6BAF659B867B80089D/'.
[2019.09.24-21.07.08:171][  0]LogXGEController: Cannot use XGE Controller as Incredibuild is not installed on this machine.
[2019.09.24-21.07.08:171][  0]LogShaderCompilers: Cannot use XGE Shader Compiler as Incredibuild is not installed on this machine.
[2019.09.24-21.07.08:171][  0]LogShaderCompilers: Display: Using Local Shader Compiler.
[2019.09.24-21.07.08:730][  0]LogDerivedDataCache: Display: Max Cache Size: 512 MB
[2019.09.24-21.07.08:784][  0]LogDerivedDataCache: Loaded boot cache 0.05s 73MB C:/Users/u1260737/AppData/Local/UnrealEngine/4.22/DerivedDataCache/Boot.ddc.
[2019.09.24-21.07.08:784][  0]LogDerivedDataCache: Display: Loaded Boot cache: C:/Users/u1260737/AppData/Local/UnrealEngine/4.22/DerivedDataCache/Boot.ddc
[2019.09.24-21.07.08:784][  0]LogDerivedDataCache: FDerivedDataBackendGraph:  Pak pak cache file ../../../../../../Users/u1260737/Documents/GitHub/TeamSwing/TeamSwing/DerivedDataCache/DDC.ddp not found, will not use a pak cache.
[2019.09.24-21.07.08:784][  0]LogDerivedDataCache: Unable to find inner node Pak for hierarchical cache Hierarchy.
[2019.09.24-21.07.08:784][  0]LogDerivedDataCache: FDerivedDataBackendGraph:  CompressedPak pak cache file ../../../../../../Users/u1260737/Documents/GitHub/TeamSwing/TeamSwing/DerivedDataCache/Compressed.ddp not found, will not use a pak cache.
[2019.09.24-21.07.08:784][  0]LogDerivedDataCache: Unable to find inner node CompressedPak for hierarchical cache Hierarchy.
[2019.09.24-21.07.08:796][  0]LogDerivedDataCache: Display: Pak cache opened for reading ../../../Engine/DerivedDataCache/Compressed.ddp.
[2019.09.24-21.07.08:796][  0]LogDerivedDataCache: FDerivedDataBackendGraph:  EnterprisePak pak cache file ../../../Enterprise/DerivedDataCache/Compressed.ddp not found, will not use a pak cache.
[2019.09.24-21.07.08:796][  0]LogDerivedDataCache: Unable to find inner node EnterprisePak for hierarchical cache Hierarchy.
[2019.09.24-21.07.08:809][  0]LogDerivedDataCache: Using Local data cache path C:/Users/u1260737/AppData/Local/UnrealEngine/Common/DerivedDataCache: Writable
[2019.09.24-21.07.08:809][  0]LogDerivedDataCache: Shared data cache path not found in *engine.ini, will not use an Shared cache.
[2019.09.24-21.07.08:809][  0]LogDerivedDataCache: Unable to find inner node Shared for hierarchical cache Hierarchy.
[2019.09.24-21.07.08:832][  0]LogMaterial: Verifying Global Shaders for PCD3D_SM5
[2019.09.24-21.07.08:833][  0]LogSlate: Using FreeType 2.6.0
[2019.09.24-21.07.08:834][  0]LogSlate: SlateFontServices - WITH_FREETYPE: 1, WITH_HARFBUZZ: 1
[2019.09.24-21.07.08:916][  0]LogAssetRegistry: FAssetRegistry took 0.0325 seconds to start up
[2019.09.24-21.07.09:256][  0]LogInit: Selected Device Profile: [Windows]
[2019.09.24-21.07.09:387][  0]LogMeshReduction: Using QuadricMeshReduction for automatic static mesh reduction
[2019.09.24-21.07.09:388][  0]LogMeshReduction: Using SimplygonMeshReduction for automatic skeletal mesh reduction
[2019.09.24-21.07.09:388][  0]LogMeshReduction: Using ProxyLODMeshReduction for automatic mesh merging
[2019.09.24-21.07.09:388][  0]LogMeshReduction: No distributed automatic mesh merging module available
[2019.09.24-21.07.09:388][  0]LogMeshMerging: No distributed automatic mesh merging module available
[2019.09.24-21.07.09:403][  0]LogNetVersion: TeamSwing 1.0.0, NetCL: 5660361, EngineNetVer: 10, GameNetVer: 0 (Checksum: 601162445)
[2019.09.24-21.07.09:805][  0]LogPackageLocalizationCache: Processed 10 localized package path(s) for 1 prioritized culture(s) in 0.048759 seconds
[2019.09.24-21.07.09:812][  0]LogUObjectArray: 42205 objects as part of root set at end of initial load.
[2019.09.24-21.07.09:812][  0]LogUObjectAllocator: 7325032 out of 0 bytes used by permanent object pool.
[2019.09.24-21.07.09:812][  0]LogUObjectArray: CloseDisregardForGC: 0/0 objects in disregard for GC pool
[2019.09.24-21.07.10:625][  0]LogTcpMessaging: Initializing TcpMessaging bridge
[2019.09.24-21.07.10:638][  0]LogUdpMessaging: Initializing bridge on interface 0.0.0.0:0 to multicast group 230.0.0.1:6666.
[2019.09.24-21.07.10:742][  0]SourceControl: Source control is disabled
[2019.09.24-21.07.10:742][  0]SourceControl: Source control is disabled
[2019.09.24-21.07.10:743][  0]SourceControl: Source control is disabled
[2019.09.24-21.07.10:744][  0]SourceControl: Source control is disabled
[2019.09.24-21.07.10:818][  0]LogAndroidPermission: UAndroidPermissionCallbackProxy::GetInstance
[2019.09.24-21.07.10:884][  0]LogOcInput: OculusInput pre-init called
[2019.09.24-21.07.11:545][  0]LogEngine: Initializing Engine...
[2019.09.24-21.07.11:546][  0]LogHMD: Failed to initialize OpenVR with code 110
[2019.09.24-21.07.11:547][  0]LogStats: UGameplayTagsManager::InitializeManager -  0.000 s
[2019.09.24-21.07.11:753][  0]LogInit: Initializing FReadOnlyCVARCache
[2019.09.24-21.07.11:767][  0]LogAIModule: Creating AISystem for world Untitled
[2019.09.24-21.07.11:782][  0]LogInit: XAudio2 using 'Digital Audio (S/PDIF) (High Definition Audio Device)' : 2 channels at 48 kHz using 16 bits per sample (channel mask 0x3)
[2019.09.24-21.07.11:806][  0]LogInit: FAudioDevice initialized.
[2019.09.24-21.07.11:806][  0]LogNetVersion: Set ProjectVersion to 1.0.0.0. Version Checksum will be recalculated on next use.
[2019.09.24-21.07.11:890][  0]LogDerivedDataCache: Saved boot cache 0.08s 71MB C:/Users/u1260737/AppData/Local/UnrealEngine/4.22/DerivedDataCache/Boot.ddc.
[2019.09.24-21.07.11:897][  0]LogInit: Texture streaming: Enabled
[2019.09.24-21.07.11:915][  0]LogEngineSessionManager: EngineSessionManager initialized
[2019.09.24-21.07.11:934][  0]LogInit: Transaction tracking system initialized
[2019.09.24-21.07.11:956][  0]BlueprintLog: New page: Editor Load
[2019.09.24-21.07.12:040][  0]LocalizationService: Localization service is disabled
[2019.09.24-21.07.12:332][  0]LogFileCache: Scanning file cache for directory 'C:/Users/u1260737/Documents/GitHub/TeamSwing/TeamSwing/Content/' took 0.02s
[2019.09.24-21.07.12:332][  0]LogCook: Display: Max memory allowance for cook 16384mb min free memory 0mb
[2019.09.24-21.07.12:332][  0]LogCook: Display: Mobile HDR setting 1
[2019.09.24-21.07.12:503][  0]SourceControl: Source control is disabled
[2019.09.24-21.07.12:503][  0]Cmd: MAP LOAD FILE="../../../Engine/Content/Maps/Templates/Template_Default.umap" TEMPLATE=1 SHOWPROGRESS=1 FEATURELEVEL=3
[2019.09.24-21.07.12:503][  0]LightingResults: New page: Lighting Build
[2019.09.24-21.07.12:506][  0]MapCheck: New page: Map Check
[2019.09.24-21.07.12:506][  0]LightingResults: New page: Lighting Build
[2019.09.24-21.07.12:530][  0]LogUObjectHash: Compacting FUObjectHashTables data took   2.58ms
[2019.09.24-21.07.12:613][  0]LogAIModule: Creating AISystem for world Untitled_1
[2019.09.24-21.07.12:617][  0]LogEditorServer: Finished looking for orphan Actors (0.000 secs)
[2019.09.24-21.07.12:642][  0]LogUObjectHash: Compacting FUObjectHashTables data took   1.93ms
[2019.09.24-21.07.12:642][  0]Cmd: MAP CHECKDEP NOCLEARLOG
[2019.09.24-21.07.12:642][  0]MapCheck: Map check complete: 0 Error(s), 0 Warning(s), took 0.142ms to complete.
[2019.09.24-21.07.12:642][  0]LogFileHelpers: Loading map 'Template_Default' took 0.139
[2019.09.24-21.07.12:766][  0]LogSlate: Updating window title bar state: overlay mode, drag disabled, window buttons hidden, title bar hidden
[2019.09.24-21.07.12:774][  0]LogSlate: Updating window title bar state: overlay mode, drag disabled, window buttons hidden, title bar hidden
[2019.09.24-21.07.12:783][  0]LogSlate: Updating window title bar state: overlay mode, drag disabled, window buttons hidden, title bar hidden
[2019.09.24-21.07.12:792][  0]LogSlate: Updating window title bar state: overlay mode, drag disabled, window buttons hidden, title bar hidden
[2019.09.24-21.07.12:806][  0]LogCollectionManager: Loaded 0 collections in 0.002101 seconds
[2019.09.24-21.07.12:822][  0]LogFileCache: Scanning file cache for directory 'C:/Users/u1260737/Documents/GitHub/TeamSwing/TeamSwing/Saved/Collections/' took 0.01s
[2019.09.24-21.07.12:822][  0]LogFileCache: Scanning file cache for directory 'C:/Users/u1260737/Documents/GitHub/TeamSwing/TeamSwing/Content/Developers/u1260737/Collections/' took 0.00s
[2019.09.24-21.07.12:822][  0]LogFileCache: Scanning file cache for directory 'C:/Users/u1260737/Documents/GitHub/TeamSwing/TeamSwing/Content/Collections/' took 0.00s
[2019.09.24-21.07.12:822][  0]LogCollectionManager: Rebuilt the GUID cache for 0 collections in 0.000000 seconds
[2019.09.24-21.07.12:833][  0]LogContentBrowser: Native class hierarchy populated in 0.0111 seconds. Added 2732 classes and 659 folders.
[2019.09.24-21.07.12:840][  0]LogContentBrowser: Native class hierarchy updated for 'WidgetCarousel' in 0.0003 seconds. Added 0 classes and 0 folders.
[2019.09.24-21.07.12:847][  0]LogPakFile: Registered encryption key '00000000000000000000000000000000': 0 pak files mounted, 0 remain pending
[2019.09.24-21.07.12:857][  0]LogPakFile: Registered encryption key '00000000000000000000000000000000': 0 pak files mounted, 0 remain pending
[2019.09.24-21.07.12:873][  0]LogPakFile: Registered encryption key '00000000000000000000000000000000': 0 pak files mounted, 0 remain pending
[2019.09.24-21.07.12:882][  0]LogPakFile: Registered encryption key '00000000000000000000000000000000': 0 pak files mounted, 0 remain pending
[2019.09.24-21.07.12:886][  0]LogPakFile: Registered encryption key '00000000000000000000000000000000': 0 pak files mounted, 0 remain pending
[2019.09.24-21.07.12:891][  0]LogPakFile: Registered encryption key '00000000000000000000000000000000': 0 pak files mounted, 0 remain pending
[2019.09.24-21.07.12:901][  0]LogPakFile: Registered encryption key '00000000000000000000000000000000': 0 pak files mounted, 0 remain pending
[2019.09.24-21.07.12:915][  0]LogPakFile: Registered encryption key '00000000000000000000000000000000': 0 pak files mounted, 0 remain pending
[2019.09.24-21.07.12:926][  0]LogPakFile: Registered encryption key '00000000000000000000000000000000': 0 pak files mounted, 0 remain pending
[2019.09.24-21.07.12:955][  0]LogPakFile: Registered encryption key '00000000000000000000000000000000': 0 pak files mounted, 0 remain pending
[2019.09.24-21.07.12:967][  0]LogPakFile: Registered encryption key '00000000000000000000000000000000': 0 pak files mounted, 0 remain pending
[2019.09.24-21.07.12:983][  0]LogPakFile: Registered encryption key '00000000000000000000000000000000': 0 pak files mounted, 0 remain pending
[2019.09.24-21.07.12:991][  0]LogPakFile: Registered encryption key '00000000000000000000000000000000': 0 pak files mounted, 0 remain pending
[2019.09.24-21.07.12:999][  0]LogPakFile: Registered encryption key '00000000000000000000000000000000': 0 pak files mounted, 0 remain pending
[2019.09.24-21.07.13:007][  0]LogPakFile: Registered encryption key '00000000000000000000000000000000': 0 pak files mounted, 0 remain pending
[2019.09.24-21.07.13:016][  0]LogPakFile: Registered encryption key '00000000000000000000000000000000': 0 pak files mounted, 0 remain pending
[2019.09.24-21.07.13:045][  0]LogPakFile: Registered encryption key '00000000000000000000000000000000': 0 pak files mounted, 0 remain pending
[2019.09.24-21.07.13:050][  0]LogPakFile: Registered encryption key '00000000000000000000000000000000': 0 pak files mounted, 0 remain pending
[2019.09.24-21.07.13:054][  0]LogPakFile: Registered encryption key '00000000000000000000000000000000': 0 pak files mounted, 0 remain pending
[2019.09.24-21.07.13:058][  0]LogPakFile: Registered encryption key '00000000000000000000000000000000': 0 pak files mounted, 0 remain pending
[2019.09.24-21.07.13:063][  0]LogPakFile: Registered encryption key '00000000000000000000000000000000': 0 pak files mounted, 0 remain pending
[2019.09.24-21.07.13:067][  0]LogPakFile: Registered encryption key '00000000000000000000000000000000': 0 pak files mounted, 0 remain pending
[2019.09.24-21.07.13:071][  0]LogPakFile: Registered encryption key '00000000000000000000000000000000': 0 pak files mounted, 0 remain pending
[2019.09.24-21.07.13:075][  0]LogPakFile: Registered encryption key '00000000000000000000000000000000': 0 pak files mounted, 0 remain pending
[2019.09.24-21.07.13:080][  0]LogPakFile: Registered encryption key '00000000000000000000000000000000': 0 pak files mounted, 0 remain pending
[2019.09.24-21.07.13:084][  0]LogPakFile: Registered encryption key '00000000000000000000000000000000': 0 pak files mounted, 0 remain pending
[2019.09.24-21.07.13:189][  0]LogContentBrowser: Native class hierarchy updated for 'AddContentDialog' in 0.0003 seconds. Added 0 classes and 0 folders.
[2019.09.24-21.07.13:197][  0]LogContentBrowser: Native class hierarchy updated for 'SceneOutliner' in 0.0004 seconds. Added 1 classes and 2 folders.
[2019.09.24-21.07.13:211][  0]LogSlate: Took 0.000218 seconds to synchronously load lazily loaded font '../../../Engine/Content/Slate/Fonts/Roboto-Regular.ttf' (155K)
[2019.09.24-21.07.13:214][  0]LogSlate: Took 0.000272 seconds to synchronously load lazily loaded font '../../../Engine/Content/Slate/Fonts/Roboto-Bold.ttf' (160K)
[2019.09.24-21.07.13:224][  0]LogSlate: Took 0.004124 seconds to synchronously load lazily loaded font '../../../Engine/Content/Editor/Slate/Fonts/FontAwesome.ttf' (139K)
[2019.09.24-21.07.13:336][  0]LogRenderer: Reallocating scene render targets to support 1208x572 Format 10 NumSamples 1 (Frame:1).
[2019.09.24-21.07.13:423][  0]LogSlate: FSceneViewport::OnFocusLost() reason 2
[2019.09.24-21.07.13:467][  0]LogSlate: Window 'Tutorials' being destroyed
[2019.09.24-21.07.13:500][  0]LogContentBrowser: Native class hierarchy updated for 'HierarchicalLODOutliner' in 0.0003 seconds. Added 0 classes and 0 folders.
[2019.09.24-21.07.13:500][  0]LogLoad: (Engine Initialization) Total time: 8.40 seconds
[2019.09.24-21.07.13:500][  0]LogLoad: (Engine Initialization) Total Blueprint compile time: 0.00 seconds
[2019.09.24-21.07.13:537][  0]LogAssetRegistry: Asset discovery search completed in 4.6430 seconds
[2019.09.24-21.07.13:539][  0]LogCollectionManager: Rebuilt the object cache for 0 collections in 0.000000 seconds (found 0 objects)
[2019.09.24-21.07.13:539][  0]LogCollectionManager: Fixed up redirectors for 0 collections in 0.000043 seconds (updated 0 objects)
[2019.09.24-21.07.13:540][  0]LogContentStreaming: Texture pool size now 1000 MB
[2019.09.24-21.07.13:579][  0]LogSlate: Took 0.004512 seconds to synchronously load lazily loaded font '../../../Engine/Content/Slate/Fonts/Roboto-Light.ttf' (167K)
[2019.09.24-21.54.32:440][726]LogInit: XAudio2 using 'Headphones (High Definition Audio Device)' : 2 channels at 48 kHz using 16 bits per sample (channel mask 0x3)
[2019.09.24-21.54.32:508][727]LogAudio: Warning: Current Audio Device with ID {0.0.0.00000000}.{45b21ffc-3545-4e73-b7b6-769b4d679a63} was removed. Shutting down audio device.
[2019.09.24-21.54.32:767][727]LogInit: XAudio2 using 'Headphones (High Definition Audio Device)' : 2 channels at 48 kHz using 16 bits per sample (channel mask 0x3)
[2019.09.24-22.03.39:313][365]LogSlate: FSceneViewport::OnFocusLost() reason 0
[2019.09.24-22.04.25:545][880]LogActorFactory: Actor Factory created Sphere
[2019.09.24-22.04.26:030][933]LogActorFactory: Actor Factory created Sphere
[2019.09.24-22.04.28:953][265]LogSlate: FSceneViewport::OnFocusLost() reason 0
[2019.09.24-22.04.29:003][271]LogTemp: Repeating last play command: Selected Viewport
[2019.09.24-22.04.29:014][271]LogBlueprintUserMessages: Early PlayInEditor Detection: Level '/Temp/Untitled_1.Untitled_1:PersistentLevel' has LevelScriptBlueprint '/Temp/Untitled_1.Untitled_1:PersistentLevel.Untitled' with GeneratedClass '/Temp/Untitled_1.Untitled_C' with ClassGeneratedBy '/Temp/Untitled_1.Untitled_1:PersistentLevel.Untitled'
[2019.09.24-22.04.29:015][271]LogPlayLevel: PlayLevel: No blueprints needed recompiling
[2019.09.24-22.04.29:015][271]PIE: New page: PIE session: Untitled_1 (Sep 24, 2019, 10:04:29 AM)
[2019.09.24-22.04.29:028][271]LogPlayLevel: Creating play world package: /Temp/UEDPIE_0_Untitled_1
[2019.09.24-22.04.29:031][271]LogPlayLevel: PIE: StaticDuplicateObject took: (0.002636s)
[2019.09.24-22.04.29:031][271]LogAIModule: Creating AISystem for world Untitled_1
[2019.09.24-22.04.29:032][271]LogPlayLevel: PIE: World Init took: (0.000906s)
[2019.09.24-22.04.29:032][271]LogPlayLevel: PIE: Created PIE world by copying editor world from /Temp/Untitled_1.Untitled_1 to /Temp/UEDPIE_0_Untitled_1.Untitled_1 (0.003822s)
[2019.09.24-22.04.29:054][271]LogUObjectHash: Compacting FUObjectHashTables data took   1.83ms
[2019.09.24-22.04.29:074][271]LogInit: XAudio2 using 'Headphones (High Definition Audio Device)' : 2 channels at 48 kHz using 16 bits per sample (channel mask 0x3)
[2019.09.24-22.04.29:084][271]LogInit: FAudioDevice initialized.
[2019.09.24-22.04.29:126][271]LogLoad: Game class is 'GameModeBase'
[2019.09.24-22.04.29:127][271]LogWorld: Bringing World /Temp/UEDPIE_0_Untitled_1.Untitled_1 up for play (max tick rate 0) at 2019.09.24-16.04.29
[2019.09.24-22.04.29:128][271]LogWorld: Bringing up level for play took: 0.000574
[2019.09.24-22.04.29:145][271]LogContentBrowser: Native class hierarchy updated for 'MovieSceneCapture' in 0.0003 seconds. Added 20 classes and 0 folders.
[2019.09.24-22.04.29:146][271]PIE: Play in editor start time for /Temp/UEDPIE_0_Untitled_1 0.058
[2019.09.24-22.04.29:146][271]LogBlueprintUserMessages: Late PlayInEditor Detection: Level '/Temp/Untitled_1.Untitled_1:PersistentLevel' has LevelScriptBlueprint '/Temp/Untitled_1.Untitled_1:PersistentLevel.Untitled' with GeneratedClass '/Temp/Untitled_1.Untitled_C' with ClassGeneratedBy '/Temp/Untitled_1.Untitled_1:PersistentLevel.Untitled'
[2019.09.24-22.04.32:156][629]LogBlueprintUserMessages: Early EndPlayMap Detection: Level '/Temp/Untitled_1.Untitled_1:PersistentLevel' has LevelScriptBlueprint '/Temp/Untitled_1.Untitled_1:PersistentLevel.Untitled' with GeneratedClass '/Temp/Untitled_1.Untitled_C' with ClassGeneratedBy '/Temp/Untitled_1.Untitled_1:PersistentLevel.Untitled'
[2019.09.24-22.04.32:156][629]LogSlate: Updating window title bar state: overlay mode, drag disabled, window buttons hidden, title bar hidden
[2019.09.24-22.04.32:185][629]LogPlayLevel: Display: Shutting down PIE online subsystems
[2019.09.24-22.04.32:186][629]LogBlueprintUserMessages: Late EndPlayMap Detection: Level '/Temp/Untitled_1.Untitled_1:PersistentLevel' has LevelScriptBlueprint '/Temp/Untitled_1.Untitled_1:PersistentLevel.Untitled' with GeneratedClass '/Temp/Untitled_1.Untitled_C' with ClassGeneratedBy '/Temp/Untitled_1.Untitled_1:PersistentLevel.Untitled'
[2019.09.24-22.04.32:213][629]LogSlate: Updating window title bar state: overlay mode, drag disabled, window buttons hidden, title bar hidden
[2019.09.24-22.04.32:216][629]LogUObjectHash: Compacting FUObjectHashTables data took   1.47ms
[2019.09.24-22.04.32:262][631]LogPlayLevel: Display: Destroying online subsystem :Context_3
[2019.09.24-22.04.49:161][656]LogSlate: Took 0.000171 seconds to synchronously load lazily loaded font '../../../Engine/Content/Slate/Fonts/Roboto-Light.ttf' (167K)
[2019.09.24-22.04.58:131][725]LogSlate: FSceneViewport::OnFocusLost() reason 2
[2019.09.24-22.04.58:165][725]LogUObjectHash: Compacting FUObjectHashTables data took   0.56ms
[2019.09.24-22.04.58:201][725]LogSavePackage: Moving '../../../../../../Users/u1260737/Documents/GitHub/TeamSwing/TeamSwing/Saved/Untitled_1_Auto1A551355A4F98187593F26399FD1A30C2.tmp' to '../../../../../../Users/u1260737/Documents/GitHub/TeamSwing/TeamSwing/Saved/Autosaves/Temp/Untitled_1_Auto1.umap'
[2019.09.24-22.04.58:208][725]LogFileHelpers: Editor autosave (incl. sublevels) for '/Temp/Untitled_1' took 0.063
[2019.09.24-22.04.58:208][725]LogFileHelpers: Editor autosave (incl. sublevels) for all levels took 0.063
[2019.09.24-22.09.53:132][687]LogSlate: FSceneViewport::OnFocusLost() reason 0
[2019.09.24-22.09.57:538][179]LogEditorViewport: Clicking on Actor (LMB): StaticMeshActor (Floor)
[2019.09.24-22.10.09:090][525]LogSlate: FSceneViewport::OnFocusLost() reason 0
[2019.09.24-22.10.09:480][532]LogSlate: Window 'Tutorials' being destroyed
[2019.09.24-22.10.13:978][ 66]LogLinker: Warning: Can't find file '/Game/RollingBP/Blueprints/PhysicsBallBP'
[2019.09.24-22.10.13:978][ 66]LogLinker: Warning: Can't find file '/Game/RollingBP/Blueprints/PhysicsBallBP'
[2019.09.24-22.10.13:978][ 66]LogUObjectGlobals: Warning: Failed to find object 'Object /Game/RollingBP/Blueprints/PhysicsBallBP.PhysicsBallBP'
[2019.09.24-22.10.16:007][301]LogLinker: Warning: Can't find file '/Game/RollingBP/Blueprints/RollingGameMode'
[2019.09.24-22.10.16:007][301]LogLinker: Warning: Can't find file '/Game/RollingBP/Blueprints/RollingGameMode'
[2019.09.24-22.10.16:007][301]LogUObjectGlobals: Warning: Failed to find object 'Object /Game/RollingBP/Blueprints/RollingGameMode.RollingGameMode'
[2019.09.24-22.10.16:563][366]LogLinker: Warning: Can't find file '/Game/Rolling/Materials/PM_Ball'
[2019.09.24-22.10.16:563][366]LogLinker: Warning: Can't find file '/Game/Rolling/Materials/PM_Ball'
[2019.09.24-22.10.16:563][366]LogUObjectGlobals: Warning: Failed to find object 'Object /Game/Rolling/Materials/PM_Ball.PM_Ball'
[2019.09.24-22.10.16:919][404]LogLinker: Warning: Can't find file '/Game/Rolling/Materials/M_Blue_Checker'
[2019.09.24-22.10.16:919][404]LogLinker: Warning: Can't find file '/Game/Rolling/Materials/M_Blue_Checker'
[2019.09.24-22.10.16:919][404]LogUObjectGlobals: Warning: Failed to find object 'Object /Game/Rolling/Materials/M_Blue_Checker.M_Blue_Checker'
[2019.09.24-22.10.17:259][444]LogLinker: Warning: Can't find file '/Game/Geometry/Meshes/TemplateFloor'
[2019.09.24-22.10.17:259][444]LogLinker: Warning: Can't find file '/Game/Geometry/Meshes/TemplateFloor'
[2019.09.24-22.10.17:259][444]LogUObjectGlobals: Warning: Failed to find object 'Object /Game/Geometry/Meshes/TemplateFloor.TemplateFloor'
[2019.09.24-22.10.17:481][468]LogLinker: Warning: Can't find file '/Game/Rolling/Meshes/BallMesh'
[2019.09.24-22.10.17:481][468]LogLinker: Warning: Can't find file '/Game/Rolling/Meshes/BallMesh'
[2019.09.24-22.10.17:481][468]LogUObjectGlobals: Warning: Failed to find object 'Object /Game/Rolling/Meshes/BallMesh.BallMesh'
[2019.09.24-22.10.17:611][482]LogEditorViewport: Clicking on Component (LMB): StaticMeshComponent (StaticMeshComponent0)
[2019.09.24-22.10.17:834][503]LogEditorViewport: Clicking on Component (LMB): StaticMeshComponent (StaticMeshComponent0)
[2019.09.24-22.10.18:060][528]LogEditorViewport: Clicking on Component (LMB): StaticMeshComponent (StaticMeshComponent0)
[2019.09.24-22.10.18:290][553]LogSlate: FSceneViewport::OnFocusLost() reason 0
[2019.09.24-22.10.27:467][644]LogSlate: Window 'Tutorials' being destroyed
[2019.09.24-22.10.27:471][644]LogSlate: Window 'Tutorials' being destroyed
[2019.09.24-22.10.56:082][714]LogEditorViewport: Clicking on Actor (LMB): StaticMeshActor (Sphere)
[2019.09.24-22.10.58:658][ 13]Cmd: TRANSACTION UNDO
[2019.09.24-22.10.58:658][ 13]LogEditorTransaction: Undo Move Actors
[2019.09.24-22.10.58:922][ 40]Cmd: TRANSACTION UNDO
[2019.09.24-22.10.58:922][ 40]LogEditorTransaction: Undo Scale Actors
[2019.09.24-22.10.59:788][136]Cmd: DELETE
[2019.09.24-22.10.59:788][136]Cmd: ACTOR DELETE
[2019.09.24-22.10.59:793][136]LogEditorActor: Deleted Actor: StaticMeshActor
[2019.09.24-22.10.59:819][136]LogUObjectHash: Compacting FUObjectHashTables data took   2.35ms
[2019.09.24-22.10.59:819][136]LogEditorActor: Deleted 1 Actors (0.030 secs)
[2019.09.24-22.11.01:522][340]LogSlate: FSceneViewport::OnFocusLost() reason 0
[2019.09.24-22.11.01:607][349]LogActorFactory: Actor Factory created Sphere
[2019.09.24-22.11.01:962][391]LogActorFactory: Actor Factory created Sphere
[2019.09.24-22.11.04:522][690]LogSlate: FSceneViewport::OnFocusLost() reason 0
[2019.09.24-22.11.06:153][881]LogRenderer: Reallocating scene render targets to support 1208x924 Format 10 NumSamples 1 (Frame:52436).
[2019.09.24-22.11.08:363][130]Cmd: TRANSACTION UNDO
[2019.09.24-22.11.08:363][130]LogEditorTransaction: Undo Create Actors
[2019.09.24-22.11.13:142][477]LogSlate: Window 'Save Level As' being destroyed
[2019.09.24-22.11.16:673][895]LogSlate: Updating window title bar state: overlay mode, drag disabled, window buttons hidden, title bar hidden
[2019.09.24-22.11.16:681][895]LogSlate: Updating window title bar state: overlay mode, drag disabled, window buttons hidden, title bar hidden
[2019.09.24-22.11.16:689][895]LogSlate: Updating window title bar state: overlay mode, drag disabled, window buttons hidden, title bar hidden
[2019.09.24-22.11.16:697][895]LogSlate: Updating window title bar state: overlay mode, drag disabled, window buttons hidden, title bar hidden
[2019.09.24-22.11.18:569][107]LogSlate: Window 'Viewport 2' being destroyed
[2019.09.24-22.11.18:572][107]LogSlate: Window 'Viewport 2' being destroyed
[2019.09.24-22.11.39:917][634]LogEditorViewport: Clicking on Actor (LMB): BP_Sky_Sphere_C (Sky Sphere)
[2019.09.24-22.11.40:437][691]LogSlate: FSceneViewport::OnFocusLost() reason 0
[2019.09.24-22.12.13:885][667]EditorErrors: New page: Actor attachment
[2019.09.24-22.12.24:970][988]LogSlate: Took 0.007623 seconds to synchronously load lazily loaded font '../../../Engine/Content/Slate/Fonts/Roboto-Italic.ttf' (157K)
[2019.09.24-22.12.41:628][977]Cmd: CAMERA ALIGN ACTIVEVIEWPORTONLY
[2019.09.24-22.12.44:520][301]Cmd: SELECT NONE
[2019.09.24-22.12.49:834][931]Cmd: CAMERA ALIGN ACTIVEVIEWPORTONLY
[2019.09.24-22.12.53:337][333]LogSlate: FSceneViewport::OnFocusLost() reason 2
[2019.09.24-22.12.54:779][504]LogSlate: FSceneViewport::OnFocusLost() reason 2
[2019.09.24-22.12.56:599][716]LogSlate: Updating window title bar state: overlay mode, drag disabled, window buttons hidden, title bar hidden
[2019.09.24-22.12.56:603][716]LogSlate: Updating window title bar state: overlay mode, drag disabled, window buttons hidden, title bar hidden
[2019.09.24-22.12.56:615][716]LogSlate: Updating window title bar state: overlay mode, drag disabled, window buttons hidden, title bar hidden
[2019.09.24-22.12.56:623][716]LogSlate: Updating window title bar state: overlay mode, drag disabled, window buttons hidden, title bar hidden
[2019.09.24-22.12.56:624][716]LogSlate: FSceneViewport::OnFocusLost() reason 2
[2019.09.24-22.12.58:460][913]LogSlate: FSceneViewport::OnFocusLost() reason 2
[2019.09.24-22.13.02:455][383]LogSlate: FSceneViewport::OnFocusLost() reason 0
[2019.09.24-22.13.06:019][796]Cmd: DELETE
[2019.09.24-22.13.06:019][796]Cmd: ACTOR DELETE
[2019.09.24-22.13.06:024][796]LogEditorActor: Deleted Actor: BP_Sky_Sphere_C
[2019.09.24-22.13.06:055][796]LogUObjectHash: Compacting FUObjectHashTables data took   1.67ms
[2019.09.24-22.13.06:055][796]LogEditorActor: Deleted 1 Actors (0.036 secs)
[2019.09.24-22.13.07:789][  4]LogSlate: FSceneViewport::OnFocusLost() reason 0
[2019.09.24-22.13.09:106][160]LogActorFactory: Actor Factory created Sphere
[2019.09.24-22.13.09:386][193]LogActorFactory: Actor Factory created Sphere
[2019.09.24-22.13.13:453][629]Cmd: DELETE
[2019.09.24-22.13.13:453][629]Cmd: ACTOR DELETE
[2019.09.24-22.13.13:455][629]LogEditorActor: Deleted Actor: StaticMeshActor
[2019.09.24-22.13.13:478][629]LogUObjectHash: Compacting FUObjectHashTables data took   1.50ms
[2019.09.24-22.13.13:478][629]LogEditorActor: Deleted 1 Actors (0.025 secs)
[2019.09.24-22.13.15:595][882]LogSlate: FSceneViewport::OnFocusLost() reason 2
[2019.09.24-22.13.16:711][ 15]LogSlate: FSceneViewport::OnFocusLost() reason 2
[2019.09.24-22.13.19:114][299]LogSlate: FSceneViewport::OnFocusLost() reason 2
[2019.09.24-22.13.20:243][428]LogSlate: Updating window title bar state: overlay mode, drag disabled, window buttons hidden, title bar hidden
[2019.09.24-22.13.20:249][428]LogSlate: Updating window title bar state: overlay mode, drag disabled, window buttons hidden, title bar hidden
[2019.09.24-22.13.20:258][428]LogSlate: Updating window title bar state: overlay mode, drag disabled, window buttons hidden, title bar hidden
[2019.09.24-22.13.20:265][428]LogSlate: Updating window title bar state: overlay mode, drag disabled, window buttons hidden, title bar hidden
[2019.09.24-22.13.20:266][428]LogSlate: FSceneViewport::OnFocusLost() reason 2
[2019.09.24-22.13.38:565][558]LogSlate: FSceneViewport::OnFocusLost() reason 0
[2019.09.24-22.13.38:660][568]LogActorFactory: Actor Factory created Sphere
[2019.09.24-22.13.39:992][727]LogActorFactory: Actor Factory created Sphere
[2019.09.24-22.13.41:942][952]LogSlate: FSceneViewport::OnFocusLost() reason 2
[2019.09.24-22.13.49:906][896]LogSlate: FSceneViewport::OnFocusLost() reason 2
[2019.09.24-22.14.03:893][569]LogSlate: FSceneViewport::OnFocusLost() reason 0
[2019.09.24-22.14.03:935][574]LogTemp: Repeating last play command: Selected Viewport
[2019.09.24-22.14.03:946][574]LogBlueprintUserMessages: Early PlayInEditor Detection: Level '/Temp/Untitled_1.Untitled_1:PersistentLevel' has LevelScriptBlueprint '/Temp/Untitled_1.Untitled_1:PersistentLevel.Untitled' with GeneratedClass '/Temp/Untitled_1.Untitled_C' with ClassGeneratedBy '/Temp/Untitled_1.Untitled_1:PersistentLevel.Untitled'
[2019.09.24-22.14.03:946][574]LogPlayLevel: PlayLevel: No blueprints needed recompiling
[2019.09.24-22.14.03:946][574]PIE: New page: PIE session: Untitled_1 (Sep 24, 2019, 10:14:03 AM)
[2019.09.24-22.14.03:946][574]LogPlayLevel: Creating play world package: /Temp/UEDPIE_0_Untitled_1
[2019.09.24-22.14.03:948][574]LogPlayLevel: PIE: StaticDuplicateObject took: (0.002376s)
[2019.09.24-22.14.03:949][574]LogAIModule: Creating AISystem for world Untitled_1
[2019.09.24-22.14.03:949][574]LogPlayLevel: PIE: World Init took: (0.000932s)
[2019.09.24-22.14.03:949][574]LogPlayLevel: PIE: Created PIE world by copying editor world from /Temp/Untitled_1.Untitled_1 to /Temp/UEDPIE_0_Untitled_1.Untitled_1 (0.003418s)
[2019.09.24-22.14.03:971][574]LogUObjectHash: Compacting FUObjectHashTables data took   1.30ms
[2019.09.24-22.14.03:990][574]LogInit: XAudio2 using 'Headphones (High Definition Audio Device)' : 2 channels at 48 kHz using 16 bits per sample (channel mask 0x3)
[2019.09.24-22.14.04:000][574]LogInit: FAudioDevice initialized.
[2019.09.24-22.14.04:027][574]LogLoad: Game class is 'GameModeBase'
[2019.09.24-22.14.04:028][574]LogWorld: Bringing World /Temp/UEDPIE_0_Untitled_1.Untitled_1 up for play (max tick rate 0) at 2019.09.24-16.14.04
[2019.09.24-22.14.04:028][574]LogWorld: Bringing up level for play took: 0.000538
[2019.09.24-22.14.04:041][574]PIE: Play in editor start time for /Temp/UEDPIE_0_Untitled_1 0.968
[2019.09.24-22.14.04:041][574]LogBlueprintUserMessages: Late PlayInEditor Detection: Level '/Temp/Untitled_1.Untitled_1:PersistentLevel' has LevelScriptBlueprint '/Temp/Untitled_1.Untitled_1:PersistentLevel.Untitled' with GeneratedClass '/Temp/Untitled_1.Untitled_C' with ClassGeneratedBy '/Temp/Untitled_1.Untitled_1:PersistentLevel.Untitled'
[2019.09.24-22.14.06:146][823]LogBlueprintUserMessages: Early EndPlayMap Detection: Level '/Temp/Untitled_1.Untitled_1:PersistentLevel' has LevelScriptBlueprint '/Temp/Untitled_1.Untitled_1:PersistentLevel.Untitled' with GeneratedClass '/Temp/Untitled_1.Untitled_C' with ClassGeneratedBy '/Temp/Untitled_1.Untitled_1:PersistentLevel.Untitled'
[2019.09.24-22.14.06:146][823]LogSlate: Updating window title bar state: overlay mode, drag disabled, window buttons hidden, title bar hidden
[2019.09.24-22.14.06:176][823]LogPlayLevel: Display: Shutting down PIE online subsystems
[2019.09.24-22.14.06:176][823]LogBlueprintUserMessages: Late EndPlayMap Detection: Level '/Temp/Untitled_1.Untitled_1:PersistentLevel' has LevelScriptBlueprint '/Temp/Untitled_1.Untitled_1:PersistentLevel.Untitled' with GeneratedClass '/Temp/Untitled_1.Untitled_C' with ClassGeneratedBy '/Temp/Untitled_1.Untitled_1:PersistentLevel.Untitled'
[2019.09.24-22.14.06:201][823]LogSlate: Updating window title bar state: overlay mode, drag disabled, window buttons hidden, title bar hidden
[2019.09.24-22.14.06:204][823]LogUObjectHash: Compacting FUObjectHashTables data took   1.31ms
[2019.09.24-22.14.06:248][825]LogPlayLevel: Display: Destroying online subsystem :Context_4
[2019.09.24-22.14.07:423][966]LogEditorViewport: Clicking on Actor (LMB): StaticMeshActor (Sphere)
[2019.09.24-22.14.09:112][162]LogSlate: FSceneViewport::OnFocusLost() reason 2
[2019.09.24-22.14.27:973][409]LogTemp: Repeating last play command: Selected Viewport
[2019.09.24-22.14.27:985][409]LogBlueprintUserMessages: Early PlayInEditor Detection: Level '/Temp/Untitled_1.Untitled_1:PersistentLevel' has LevelScriptBlueprint '/Temp/Untitled_1.Untitled_1:PersistentLevel.Untitled' with GeneratedClass '/Temp/Untitled_1.Untitled_C' with ClassGeneratedBy '/Temp/Untitled_1.Untitled_1:PersistentLevel.Untitled'
[2019.09.24-22.14.27:985][409]LogPlayLevel: PlayLevel: No blueprints needed recompiling
[2019.09.24-22.14.27:985][409]PIE: New page: PIE session: Untitled_1 (Sep 24, 2019, 10:14:27 AM)
[2019.09.24-22.14.27:985][409]LogPlayLevel: Creating play world package: /Temp/UEDPIE_0_Untitled_1
[2019.09.24-22.14.27:987][409]LogPlayLevel: PIE: StaticDuplicateObject took: (0.002500s)
[2019.09.24-22.14.27:989][409]LogAIModule: Creating AISystem for world Untitled_1
[2019.09.24-22.14.27:989][409]LogPlayLevel: PIE: World Init took: (0.001286s)
[2019.09.24-22.14.27:989][409]LogPlayLevel: PIE: Created PIE world by copying editor world from /Temp/Untitled_1.Untitled_1 to /Temp/UEDPIE_0_Untitled_1.Untitled_1 (0.003955s)
[2019.09.24-22.14.28:010][409]LogUObjectHash: Compacting FUObjectHashTables data took   1.14ms
[2019.09.24-22.14.28:029][409]LogInit: XAudio2 using 'Headphones (High Definition Audio Device)' : 2 channels at 48 kHz using 16 bits per sample (channel mask 0x3)
[2019.09.24-22.14.28:039][409]LogInit: FAudioDevice initialized.
[2019.09.24-22.14.28:069][409]LogLoad: Game class is 'GameModeBase'
[2019.09.24-22.14.28:070][409]LogWorld: Bringing World /Temp/UEDPIE_0_Untitled_1.Untitled_1 up for play (max tick rate 0) at 2019.09.24-16.14.28
[2019.09.24-22.14.28:070][409]LogWorld: Bringing up level for play took: 0.000488
[2019.09.24-22.14.28:083][409]PIE: Play in editor start time for /Temp/UEDPIE_0_Untitled_1 1.011
[2019.09.24-22.14.28:083][409]LogBlueprintUserMessages: Late PlayInEditor Detection: Level '/Temp/Untitled_1.Untitled_1:PersistentLevel' has LevelScriptBlueprint '/Temp/Untitled_1.Untitled_1:PersistentLevel.Untitled' with GeneratedClass '/Temp/Untitled_1.Untitled_C' with ClassGeneratedBy '/Temp/Untitled_1.Untitled_1:PersistentLevel.Untitled'
[2019.09.24-22.14.30:408][685]LogBlueprintUserMessages: Early EndPlayMap Detection: Level '/Temp/Untitled_1.Untitled_1:PersistentLevel' has LevelScriptBlueprint '/Temp/Untitled_1.Untitled_1:PersistentLevel.Untitled' with GeneratedClass '/Temp/Untitled_1.Untitled_C' with ClassGeneratedBy '/Temp/Untitled_1.Untitled_1:PersistentLevel.Untitled'
[2019.09.24-22.14.30:408][685]LogSlate: Updating window title bar state: overlay mode, drag disabled, window buttons hidden, title bar hidden
[2019.09.24-22.14.30:441][685]LogPlayLevel: Display: Shutting down PIE online subsystems
[2019.09.24-22.14.30:441][685]LogBlueprintUserMessages: Late EndPlayMap Detection: Level '/Temp/Untitled_1.Untitled_1:PersistentLevel' has LevelScriptBlueprint '/Temp/Untitled_1.Untitled_1:PersistentLevel.Untitled' with GeneratedClass '/Temp/Untitled_1.Untitled_C' with ClassGeneratedBy '/Temp/Untitled_1.Untitled_1:PersistentLevel.Untitled'
[2019.09.24-22.14.30:463][685]LogSlate: Updating window title bar state: overlay mode, drag disabled, window buttons hidden, title bar hidden
[2019.09.24-22.14.30:466][685]LogUObjectHash: Compacting FUObjectHashTables data took   1.26ms
[2019.09.24-22.14.30:509][687]LogPlayLevel: Display: Destroying online subsystem :Context_5
[2019.09.24-22.14.32:014][867]LogEditorViewport: Clicking on Actor (LMB): StaticMeshActor (Sphere)
[2019.09.24-22.14.32:116][874]LogEditorViewport: Clicking on Component (LMB): StaticMeshComponent (StaticMeshComponent0)
[2019.09.24-22.14.33:578][ 46]LogSlate: FSceneViewport::OnFocusLost() reason 0
[2019.09.24-22.14.38:048][434]LogSlate: Window 'Save Level As' being destroyed
[2019.09.24-22.14.38:598][499]LogSlate: FSceneViewport::OnFocusLost() reason 0
[2019.09.24-22.14.43:795][119]LogSlate: FSceneViewport::OnFocusLost() reason 2
[2019.09.24-22.14.45:289][298]LogTemp: Repeating last play command: Selected Viewport
[2019.09.24-22.14.45:301][298]LogBlueprintUserMessages: Early PlayInEditor Detection: Level '/Temp/Untitled_1.Untitled_1:PersistentLevel' has LevelScriptBlueprint '/Temp/Untitled_1.Untitled_1:PersistentLevel.Untitled' with GeneratedClass '/Temp/Untitled_1.Untitled_C' with ClassGeneratedBy '/Temp/Untitled_1.Untitled_1:PersistentLevel.Untitled'
[2019.09.24-22.14.45:301][298]LogPlayLevel: PlayLevel: No blueprints needed recompiling
[2019.09.24-22.14.45:301][298]PIE: New page: PIE session: Untitled_1 (Sep 24, 2019, 10:14:45 AM)
[2019.09.24-22.14.45:301][298]LogPlayLevel: Creating play world package: /Temp/UEDPIE_0_Untitled_1
[2019.09.24-22.14.45:303][298]LogPlayLevel: PIE: StaticDuplicateObject took: (0.001998s)
[2019.09.24-22.14.45:304][298]LogAIModule: Creating AISystem for world Untitled_1
[2019.09.24-22.14.45:304][298]LogPlayLevel: PIE: World Init took: (0.000630s)
[2019.09.24-22.14.45:304][298]LogPlayLevel: PIE: Created PIE world by copying editor world from /Temp/Untitled_1.Untitled_1 to /Temp/UEDPIE_0_Untitled_1.Untitled_1 (0.002739s)
[2019.09.24-22.14.45:325][298]LogUObjectHash: Compacting FUObjectHashTables data took   1.18ms
[2019.09.24-22.14.45:343][298]LogInit: XAudio2 using 'Headphones (High Definition Audio Device)' : 2 channels at 48 kHz using 16 bits per sample (channel mask 0x3)
[2019.09.24-22.14.45:354][298]LogInit: FAudioDevice initialized.
[2019.09.24-22.14.45:379][298]LogLoad: Game class is 'GameModeBase'
[2019.09.24-22.14.45:380][298]LogWorld: Bringing World /Temp/UEDPIE_0_Untitled_1.Untitled_1 up for play (max tick rate 0) at 2019.09.24-16.14.45
[2019.09.24-22.14.45:380][298]LogWorld: Bringing up level for play took: 0.000550
[2019.09.24-22.14.45:393][298]PIE: Play in editor start time for /Temp/UEDPIE_0_Untitled_1 0.321
[2019.09.24-22.14.45:393][298]LogBlueprintUserMessages: Late PlayInEditor Detection: Level '/Temp/Untitled_1.Untitled_1:PersistentLevel' has LevelScriptBlueprint '/Temp/Untitled_1.Untitled_1:PersistentLevel.Untitled' with GeneratedClass '/Temp/Untitled_1.Untitled_C' with ClassGeneratedBy '/Temp/Untitled_1.Untitled_1:PersistentLevel.Untitled'
[2019.09.24-22.14.47:882][594]LogBlueprintUserMessages: Early EndPlayMap Detection: Level '/Temp/Untitled_1.Untitled_1:PersistentLevel' has LevelScriptBlueprint '/Temp/Untitled_1.Untitled_1:PersistentLevel.Untitled' with GeneratedClass '/Temp/Untitled_1.Untitled_C' with ClassGeneratedBy '/Temp/Untitled_1.Untitled_1:PersistentLevel.Untitled'
[2019.09.24-22.14.47:882][594]LogSlate: Updating window title bar state: overlay mode, drag disabled, window buttons hidden, title bar hidden
[2019.09.24-22.14.47:912][594]LogPlayLevel: Display: Shutting down PIE online subsystems
[2019.09.24-22.14.47:912][594]LogBlueprintUserMessages: Late EndPlayMap Detection: Level '/Temp/Untitled_1.Untitled_1:PersistentLevel' has LevelScriptBlueprint '/Temp/Untitled_1.Untitled_1:PersistentLevel.Untitled' with GeneratedClass '/Temp/Untitled_1.Untitled_C' with ClassGeneratedBy '/Temp/Untitled_1.Untitled_1:PersistentLevel.Untitled'
[2019.09.24-22.14.47:938][594]LogSlate: Updating window title bar state: overlay mode, drag disabled, window buttons hidden, title bar hidden
[2019.09.24-22.14.47:940][594]LogUObjectHash: Compacting FUObjectHashTables data took   1.15ms
[2019.09.24-22.14.47:989][597]LogPlayLevel: Display: Destroying online subsystem :Context_6
[2019.09.24-22.14.48:898][706]LogSlate: FSceneViewport::OnFocusLost() reason 0
[2019.09.24-22.14.48:947][712]LogTemp: Repeating last play command: Selected Viewport
[2019.09.24-22.14.48:959][712]LogBlueprintUserMessages: Early PlayInEditor Detection: Level '/Temp/Untitled_1.Untitled_1:PersistentLevel' has LevelScriptBlueprint '/Temp/Untitled_1.Untitled_1:PersistentLevel.Untitled' with GeneratedClass '/Temp/Untitled_1.Untitled_C' with ClassGeneratedBy '/Temp/Untitled_1.Untitled_1:PersistentLevel.Untitled'
[2019.09.24-22.14.48:959][712]LogPlayLevel: PlayLevel: No blueprints needed recompiling
[2019.09.24-22.14.48:959][712]PIE: New page: PIE session: Untitled_1 (Sep 24, 2019, 10:14:48 AM)
[2019.09.24-22.14.48:959][712]LogPlayLevel: Creating play world package: /Temp/UEDPIE_0_Untitled_1
[2019.09.24-22.14.48:961][712]LogPlayLevel: PIE: StaticDuplicateObject took: (0.001851s)
[2019.09.24-22.14.48:962][712]LogAIModule: Creating AISystem for world Untitled_1
[2019.09.24-22.14.48:962][712]LogPlayLevel: PIE: World Init took: (0.000593s)
[2019.09.24-22.14.48:962][712]LogPlayLevel: PIE: Created PIE world by copying editor world from /Temp/Untitled_1.Untitled_1 to /Temp/UEDPIE_0_Untitled_1.Untitled_1 (0.002547s)
[2019.09.24-22.14.48:985][712]LogUObjectHash: Compacting FUObjectHashTables data took   1.04ms
[2019.09.24-22.14.49:002][712]LogInit: XAudio2 using 'Headphones (High Definition Audio Device)' : 2 channels at 48 kHz using 16 bits per sample (channel mask 0x3)
[2019.09.24-22.14.49:011][712]LogInit: FAudioDevice initialized.
[2019.09.24-22.14.49:041][712]LogLoad: Game class is 'GameModeBase'
[2019.09.24-22.14.49:042][712]LogWorld: Bringing World /Temp/UEDPIE_0_Untitled_1.Untitled_1 up for play (max tick rate 0) at 2019.09.24-16.14.49
[2019.09.24-22.14.49:042][712]LogWorld: Bringing up level for play took: 0.000511
[2019.09.24-22.14.49:055][712]PIE: Play in editor start time for /Temp/UEDPIE_0_Untitled_1 -0.017
[2019.09.24-22.14.49:055][712]LogBlueprintUserMessages: Late PlayInEditor Detection: Level '/Temp/Untitled_1.Untitled_1:PersistentLevel' has LevelScriptBlueprint '/Temp/Untitled_1.Untitled_1:PersistentLevel.Untitled' with GeneratedClass '/Temp/Untitled_1.Untitled_C' with ClassGeneratedBy '/Temp/Untitled_1.Untitled_1:PersistentLevel.Untitled'
[2019.09.24-22.14.52:186][ 85]Set new viewmode: Unlit
[2019.09.24-22.14.53:335][223]Set new viewmode: Unlit
[2019.09.24-22.14.53:753][273]LogSlate: FSceneViewport::OnFocusLost() reason 2
[2019.09.24-22.14.55:079][432]LogBlueprintUserMessages: Early EndPlayMap Detection: Level '/Temp/Untitled_1.Untitled_1:PersistentLevel' has LevelScriptBlueprint '/Temp/Untitled_1.Untitled_1:PersistentLevel.Untitled' with GeneratedClass '/Temp/Untitled_1.Untitled_C' with ClassGeneratedBy '/Temp/Untitled_1.Untitled_1:PersistentLevel.Untitled'
[2019.09.24-22.14.55:079][432]LogSlate: Updating window title bar state: overlay mode, drag disabled, window buttons hidden, title bar hidden
[2019.09.24-22.14.55:109][432]LogPlayLevel: Display: Shutting down PIE online subsystems
[2019.09.24-22.14.55:110][432]LogBlueprintUserMessages: Late EndPlayMap Detection: Level '/Temp/Untitled_1.Untitled_1:PersistentLevel' has LevelScriptBlueprint '/Temp/Untitled_1.Untitled_1:PersistentLevel.Untitled' with GeneratedClass '/Temp/Untitled_1.Untitled_C' with ClassGeneratedBy '/Temp/Untitled_1.Untitled_1:PersistentLevel.Untitled'
[2019.09.24-22.14.55:133][432]LogSlate: Updating window title bar state: overlay mode, drag disabled, window buttons hidden, title bar hidden
[2019.09.24-22.14.55:136][432]LogUObjectHash: Compacting FUObjectHashTables data took   1.08ms
[2019.09.24-22.14.55:183][435]LogPlayLevel: Display: Destroying online subsystem :Context_7
[2019.09.24-22.14.57:275][686]LogTemp: Repeating last play command: Selected Viewport
[2019.09.24-22.14.57:286][686]LogBlueprintUserMessages: Early PlayInEditor Detection: Level '/Temp/Untitled_1.Untitled_1:PersistentLevel' has LevelScriptBlueprint '/Temp/Untitled_1.Untitled_1:PersistentLevel.Untitled' with GeneratedClass '/Temp/Untitled_1.Untitled_C' with ClassGeneratedBy '/Temp/Untitled_1.Untitled_1:PersistentLevel.Untitled'
[2019.09.24-22.14.57:286][686]LogPlayLevel: PlayLevel: No blueprints needed recompiling
[2019.09.24-22.14.57:286][686]PIE: New page: PIE session: Untitled_1 (Sep 24, 2019, 10:14:57 AM)
[2019.09.24-22.14.57:286][686]LogPlayLevel: Creating play world package: /Temp/UEDPIE_0_Untitled_1
[2019.09.24-22.14.57:288][686]LogPlayLevel: PIE: StaticDuplicateObject took: (0.001730s)
[2019.09.24-22.14.57:288][686]LogAIModule: Creating AISystem for world Untitled_1
[2019.09.24-22.14.57:288][686]LogPlayLevel: PIE: World Init took: (0.000507s)
[2019.09.24-22.14.57:288][686]LogPlayLevel: PIE: Created PIE world by copying editor world from /Temp/Untitled_1.Untitled_1 to /Temp/UEDPIE_0_Untitled_1.Untitled_1 (0.002328s)
[2019.09.24-22.14.57:310][686]LogUObjectHash: Compacting FUObjectHashTables data took   1.03ms
[2019.09.24-22.14.57:328][686]LogInit: XAudio2 using 'Headphones (High Definition Audio Device)' : 2 channels at 48 kHz using 16 bits per sample (channel mask 0x3)
[2019.09.24-22.14.57:339][686]LogInit: FAudioDevice initialized.
[2019.09.24-22.14.57:371][686]LogLoad: Game class is 'GameModeBase'
[2019.09.24-22.14.57:372][686]LogWorld: Bringing World /Temp/UEDPIE_0_Untitled_1.Untitled_1 up for play (max tick rate 0) at 2019.09.24-16.14.57
[2019.09.24-22.14.57:372][686]LogWorld: Bringing up level for play took: 0.000493
[2019.09.24-22.14.57:385][686]PIE: Play in editor start time for /Temp/UEDPIE_0_Untitled_1 0.314
[2019.09.24-22.14.57:385][686]LogBlueprintUserMessages: Late PlayInEditor Detection: Level '/Temp/Untitled_1.Untitled_1:PersistentLevel' has LevelScriptBlueprint '/Temp/Untitled_1.Untitled_1:PersistentLevel.Untitled' with GeneratedClass '/Temp/Untitled_1.Untitled_C' with ClassGeneratedBy '/Temp/Untitled_1.Untitled_1:PersistentLevel.Untitled'
[2019.09.24-22.14.59:399][925]LogSlate: FSceneViewport::OnFocusLost() reason 2
[2019.09.24-22.15.16:284][933]LogBlueprintUserMessages: Early EndPlayMap Detection: Level '/Temp/Untitled_1.Untitled_1:PersistentLevel' has LevelScriptBlueprint '/Temp/Untitled_1.Untitled_1:PersistentLevel.Untitled' with GeneratedClass '/Temp/Untitled_1.Untitled_C' with ClassGeneratedBy '/Temp/Untitled_1.Untitled_1:PersistentLevel.Untitled'
[2019.09.24-22.15.16:285][933]LogSlate: Updating window title bar state: overlay mode, drag disabled, window buttons hidden, title bar hidden
[2019.09.24-22.15.16:318][933]LogPlayLevel: Display: Shutting down PIE online subsystems
[2019.09.24-22.15.16:318][933]LogBlueprintUserMessages: Late EndPlayMap Detection: Level '/Temp/Untitled_1.Untitled_1:PersistentLevel' has LevelScriptBlueprint '/Temp/Untitled_1.Untitled_1:PersistentLevel.Untitled' with GeneratedClass '/Temp/Untitled_1.Untitled_C' with ClassGeneratedBy '/Temp/Untitled_1.Untitled_1:PersistentLevel.Untitled'
[2019.09.24-22.15.16:347][933]LogSlate: Updating window title bar state: overlay mode, drag disabled, window buttons hidden, title bar hidden
[2019.09.24-22.15.16:350][933]LogUObjectHash: Compacting FUObjectHashTables data took   2.30ms
[2019.09.24-22.15.16:387][937]LogPlayLevel: Display: Destroying online subsystem :Context_8
[2019.09.24-22.15.20:741][453]LogTemp: Repeating last play command: Selected Viewport
[2019.09.24-22.15.20:753][453]LogBlueprintUserMessages: Early PlayInEditor Detection: Level '/Temp/Untitled_1.Untitled_1:PersistentLevel' has LevelScriptBlueprint '/Temp/Untitled_1.Untitled_1:PersistentLevel.Untitled' with GeneratedClass '/Temp/Untitled_1.Untitled_C' with ClassGeneratedBy '/Temp/Untitled_1.Untitled_1:PersistentLevel.Untitled'
[2019.09.24-22.15.20:753][453]LogPlayLevel: PlayLevel: No blueprints needed recompiling
[2019.09.24-22.15.20:753][453]PIE: New page: PIE session: Untitled_1 (Sep 24, 2019, 10:15:20 AM)
[2019.09.24-22.15.20:753][453]LogPlayLevel: Creating play world package: /Temp/UEDPIE_0_Untitled_1
[2019.09.24-22.15.20:756][453]LogPlayLevel: PIE: StaticDuplicateObject took: (0.002118s)
[2019.09.24-22.15.20:756][453]LogAIModule: Creating AISystem for world Untitled_1
[2019.09.24-22.15.20:756][453]LogPlayLevel: PIE: World Init took: (0.000665s)
[2019.09.24-22.15.20:756][453]LogPlayLevel: PIE: Created PIE world by copying editor world from /Temp/Untitled_1.Untitled_1 to /Temp/UEDPIE_0_Untitled_1.Untitled_1 (0.002909s)
[2019.09.24-22.15.20:777][453]LogUObjectHash: Compacting FUObjectHashTables data took   1.06ms
[2019.09.24-22.15.20:794][453]LogInit: XAudio2 using 'Headphones (High Definition Audio Device)' : 2 channels at 48 kHz using 16 bits per sample (channel mask 0x3)
[2019.09.24-22.15.20:804][453]LogInit: FAudioDevice initialized.
[2019.09.24-22.15.20:831][453]LogLoad: Game class is 'GameModeBase'
[2019.09.24-22.15.20:832][453]LogWorld: Bringing World /Temp/UEDPIE_0_Untitled_1.Untitled_1 up for play (max tick rate 0) at 2019.09.24-16.15.20
[2019.09.24-22.15.20:832][453]LogWorld: Bringing up level for play took: 0.000613
[2019.09.24-22.15.20:846][453]PIE: Play in editor start time for /Temp/UEDPIE_0_Untitled_1 -0.225
[2019.09.24-22.15.20:847][453]LogBlueprintUserMessages: Late PlayInEditor Detection: Level '/Temp/Untitled_1.Untitled_1:PersistentLevel' has LevelScriptBlueprint '/Temp/Untitled_1.Untitled_1:PersistentLevel.Untitled' with GeneratedClass '/Temp/Untitled_1.Untitled_C' with ClassGeneratedBy '/Temp/Untitled_1.Untitled_1:PersistentLevel.Untitled'
[2019.09.24-22.15.22:319][627]LogBlueprintUserMessages: Early EndPlayMap Detection: Level '/Temp/Untitled_1.Untitled_1:PersistentLevel' has LevelScriptBlueprint '/Temp/Untitled_1.Untitled_1:PersistentLevel.Untitled' with GeneratedClass '/Temp/Untitled_1.Untitled_C' with ClassGeneratedBy '/Temp/Untitled_1.Untitled_1:PersistentLevel.Untitled'
[2019.09.24-22.15.22:319][627]LogSlate: Updating window title bar state: overlay mode, drag disabled, window buttons hidden, title bar hidden
[2019.09.24-22.15.22:351][627]LogPlayLevel: Display: Shutting down PIE online subsystems
[2019.09.24-22.15.22:351][627]LogBlueprintUserMessages: Late EndPlayMap Detection: Level '/Temp/Untitled_1.Untitled_1:PersistentLevel' has LevelScriptBlueprint '/Temp/Untitled_1.Untitled_1:PersistentLevel.Untitled' with GeneratedClass '/Temp/Untitled_1.Untitled_C' with ClassGeneratedBy '/Temp/Untitled_1.Untitled_1:PersistentLevel.Untitled'
[2019.09.24-22.15.22:373][627]LogSlate: Updating window title bar state: overlay mode, drag disabled, window buttons hidden, title bar hidden
[2019.09.24-22.15.22:375][627]LogUObjectHash: Compacting FUObjectHashTables data took   1.14ms
[2019.09.24-22.15.22:424][630]LogPlayLevel: Display: Destroying online subsystem :Context_9
[2019.09.24-22.15.27:193][199]LogSlate: FSceneViewport::OnFocusLost() reason 0
[2019.09.24-22.15.35:673][191]LogSlate: FSceneViewport::OnFocusLost() reason 0
[2019.09.24-22.15.35:731][198]LogTemp: Repeating last play command: Selected Viewport
[2019.09.24-22.15.35:743][198]LogBlueprintUserMessages: Early PlayInEditor Detection: Level '/Temp/Untitled_1.Untitled_1:PersistentLevel' has LevelScriptBlueprint '/Temp/Untitled_1.Untitled_1:PersistentLevel.Untitled' with GeneratedClass '/Temp/Untitled_1.Untitled_C' with ClassGeneratedBy '/Temp/Untitled_1.Untitled_1:PersistentLevel.Untitled'
[2019.09.24-22.15.35:743][198]LogPlayLevel: PlayLevel: No blueprints needed recompiling
[2019.09.24-22.15.35:743][198]PIE: New page: PIE session: Untitled_1 (Sep 24, 2019, 10:15:35 AM)
[2019.09.24-22.15.35:743][198]LogPlayLevel: Creating play world package: /Temp/UEDPIE_0_Untitled_1
[2019.09.24-22.15.35:745][198]LogPlayLevel: PIE: StaticDuplicateObject took: (0.001767s)
[2019.09.24-22.15.35:746][198]LogAIModule: Creating AISystem for world Untitled_1
[2019.09.24-22.15.35:746][198]LogPlayLevel: PIE: World Init took: (0.000578s)
[2019.09.24-22.15.35:746][198]LogPlayLevel: PIE: Created PIE world by copying editor world from /Temp/Untitled_1.Untitled_1 to /Temp/UEDPIE_0_Untitled_1.Untitled_1 (0.002438s)
[2019.09.24-22.15.35:767][198]LogUObjectHash: Compacting FUObjectHashTables data took   1.40ms
[2019.09.24-22.15.35:785][198]LogInit: XAudio2 using 'Headphones (High Definition Audio Device)' : 2 channels at 48 kHz using 16 bits per sample (channel mask 0x3)
[2019.09.24-22.15.35:794][198]LogInit: FAudioDevice initialized.
[2019.09.24-22.15.35:821][198]LogLoad: Game class is 'GameModeBase'
[2019.09.24-22.15.35:822][198]LogWorld: Bringing World /Temp/UEDPIE_0_Untitled_1.Untitled_1 up for play (max tick rate 0) at 2019.09.24-16.15.35
[2019.09.24-22.15.35:822][198]LogWorld: Bringing up level for play took: 0.000552
[2019.09.24-22.15.35:835][198]PIE: Play in editor start time for /Temp/UEDPIE_0_Untitled_1 0.764
[2019.09.24-22.15.35:835][198]LogBlueprintUserMessages: Late PlayInEditor Detection: Level '/Temp/Untitled_1.Untitled_1:PersistentLevel' has LevelScriptBlueprint '/Temp/Untitled_1.Untitled_1:PersistentLevel.Untitled' with GeneratedClass '/Temp/Untitled_1.Untitled_C' with ClassGeneratedBy '/Temp/Untitled_1.Untitled_1:PersistentLevel.Untitled'
[2019.09.24-22.15.36:907][324]LogBlueprintUserMessages: Early EndPlayMap Detection: Level '/Temp/Untitled_1.Untitled_1:PersistentLevel' has LevelScriptBlueprint '/Temp/Untitled_1.Untitled_1:PersistentLevel.Untitled' with GeneratedClass '/Temp/Untitled_1.Untitled_C' with ClassGeneratedBy '/Temp/Untitled_1.Untitled_1:PersistentLevel.Untitled'
[2019.09.24-22.15.36:907][324]LogSlate: Updating window title bar state: overlay mode, drag disabled, window buttons hidden, title bar hidden
[2019.09.24-22.15.36:935][324]LogPlayLevel: Display: Shutting down PIE online subsystems
[2019.09.24-22.15.36:936][324]LogBlueprintUserMessages: Late EndPlayMap Detection: Level '/Temp/Untitled_1.Untitled_1:PersistentLevel' has LevelScriptBlueprint '/Temp/Untitled_1.Untitled_1:PersistentLevel.Untitled' with GeneratedClass '/Temp/Untitled_1.Untitled_C' with ClassGeneratedBy '/Temp/Untitled_1.Untitled_1:PersistentLevel.Untitled'
[2019.09.24-22.15.36:960][324]LogSlate: Updating window title bar state: overlay mode, drag disabled, window buttons hidden, title bar hidden
[2019.09.24-22.15.36:962][324]LogUObjectHash: Compacting FUObjectHashTables data took   1.19ms
[2019.09.24-22.15.37:012][327]LogPlayLevel: Display: Destroying online subsystem :Context_10
[2019.09.24-22.15.46:111][414]LogSlate: FSceneViewport::OnFocusLost() reason 0
[2019.09.24-22.15.55:338][508]LogConsoleManager: Warning: Console object named 'ActorComponents.Enable' already exists but is being registered again, but we weren't expected it to be! (FConsoleManager::AddConsoleObject)
[2019.09.24-22.16.18:191][192]LogConsoleManager: Warning: Console object named 'ActorComponents.Enable' already exists but is being registered again, but we weren't expected it to be! (FConsoleManager::AddConsoleObject)
[2019.09.24-22.16.37:963][539]Cmd: DELETE
[2019.09.24-22.16.37:964][539]Cmd: ACTOR DELETE
[2019.09.24-22.16.37:965][539]LogEditorActor: Deleted Actor: PlayerStart
[2019.09.24-22.16.37:988][539]LogUObjectHash: Compacting FUObjectHashTables data took   0.58ms
[2019.09.24-22.16.37:989][539]LogEditorActor: Deleted 1 Actors (0.025 secs)
[2019.09.24-22.16.39:414][710]LogTemp: Repeating last play command: Selected Viewport
[2019.09.24-22.16.39:424][710]LogBlueprintUserMessages: Early PlayInEditor Detection: Level '/Temp/Untitled_1.Untitled_1:PersistentLevel' has LevelScriptBlueprint '/Temp/Untitled_1.Untitled_1:PersistentLevel.Untitled' with GeneratedClass '/Temp/Untitled_1.Untitled_C' with ClassGeneratedBy '/Temp/Untitled_1.Untitled_1:PersistentLevel.Untitled'
[2019.09.24-22.16.39:424][710]LogPlayLevel: PlayLevel: No blueprints needed recompiling
[2019.09.24-22.16.39:424][710]PIE: New page: PIE session: Untitled_1 (Sep 24, 2019, 10:16:39 AM)
[2019.09.24-22.16.39:424][710]LogPlayLevel: Creating play world package: /Temp/UEDPIE_0_Untitled_1
[2019.09.24-22.16.39:426][710]LogPlayLevel: PIE: StaticDuplicateObject took: (0.002019s)
[2019.09.24-22.16.39:427][710]LogAIModule: Creating AISystem for world Untitled_1
[2019.09.24-22.16.39:427][710]LogPlayLevel: PIE: World Init took: (0.000697s)
[2019.09.24-22.16.39:427][710]LogPlayLevel: PIE: Created PIE world by copying editor world from /Temp/Untitled_1.Untitled_1 to /Temp/UEDPIE_0_Untitled_1.Untitled_1 (0.002820s)
[2019.09.24-22.16.39:450][710]LogUObjectHash: Compacting FUObjectHashTables data took   1.44ms
[2019.09.24-22.16.39:468][710]LogInit: XAudio2 using 'Headphones (High Definition Audio Device)' : 2 channels at 48 kHz using 16 bits per sample (channel mask 0x3)
[2019.09.24-22.16.39:477][710]LogInit: FAudioDevice initialized.
[2019.09.24-22.16.39:506][710]LogLoad: Game class is 'GameModeBase'
[2019.09.24-22.16.39:507][710]LogWorld: Bringing World /Temp/UEDPIE_0_Untitled_1.Untitled_1 up for play (max tick rate 0) at 2019.09.24-16.16.39
[2019.09.24-22.16.39:507][710]LogWorld: Bringing up level for play took: 0.000496
[2019.09.24-22.16.39:520][710]PIE: Play in editor start time for /Temp/UEDPIE_0_Untitled_1 0.45
[2019.09.24-22.16.39:520][710]LogBlueprintUserMessages: Late PlayInEditor Detection: Level '/Temp/Untitled_1.Untitled_1:PersistentLevel' has LevelScriptBlueprint '/Temp/Untitled_1.Untitled_1:PersistentLevel.Untitled' with GeneratedClass '/Temp/Untitled_1.Untitled_C' with ClassGeneratedBy '/Temp/Untitled_1.Untitled_1:PersistentLevel.Untitled'
[2019.09.24-22.16.42:027][  8]LogBlueprintUserMessages: Early EndPlayMap Detection: Level '/Temp/Untitled_1.Untitled_1:PersistentLevel' has LevelScriptBlueprint '/Temp/Untitled_1.Untitled_1:PersistentLevel.Untitled' with GeneratedClass '/Temp/Untitled_1.Untitled_C' with ClassGeneratedBy '/Temp/Untitled_1.Untitled_1:PersistentLevel.Untitled'
[2019.09.24-22.16.42:028][  8]LogSlate: Updating window title bar state: overlay mode, drag disabled, window buttons hidden, title bar hidden
[2019.09.24-22.16.42:055][  8]LogPlayLevel: Display: Shutting down PIE online subsystems
[2019.09.24-22.16.42:056][  8]LogBlueprintUserMessages: Late EndPlayMap Detection: Level '/Temp/Untitled_1.Untitled_1:PersistentLevel' has LevelScriptBlueprint '/Temp/Untitled_1.Untitled_1:PersistentLevel.Untitled' with GeneratedClass '/Temp/Untitled_1.Untitled_C' with ClassGeneratedBy '/Temp/Untitled_1.Untitled_1:PersistentLevel.Untitled'
[2019.09.24-22.16.42:082][  8]LogSlate: Updating window title bar state: overlay mode, drag disabled, window buttons hidden, title bar hidden
[2019.09.24-22.16.42:085][  8]LogUObjectHash: Compacting FUObjectHashTables data took   1.12ms
[2019.09.24-22.16.42:133][ 10]LogPlayLevel: Display: Destroying online subsystem :Context_11
[2019.09.24-22.16.43:650][192]LogEditorViewport: Clicking on Actor (LMB): StaticMeshActor (Sphere)
[2019.09.24-22.16.47:506][641]LogSlate: FSceneViewport::OnFocusLost() reason 0
[2019.09.24-22.17.04:273][622]LogEditorViewport: Clicking on Actor (LMB): StaticMeshActor (Floor)
[2019.09.24-22.17.07:180][960]LogSlate: FSceneViewport::OnFocusLost() reason 2
[2019.09.24-22.17.18:797][960]LogSlate: Window 'Save Level As' being destroyed
[2019.09.24-22.17.18:921][960]LogUObjectHash: Compacting FUObjectHashTables data took   1.87ms
[2019.09.24-22.17.18:922][960]Cmd: OBJ SAVEPACKAGE PACKAGE="/Game/Swing" FILE="../../../../../../Users/u1260737/Documents/GitHub/TeamSwing/TeamSwing/Content/Swing.umap" SILENT=true AUTOSAVING=false KEEPDIRTY=false
[2019.09.24-22.17.18:948][960]LogUObjectHash: Compacting FUObjectHashTables data took   0.64ms
[2019.09.24-22.17.19:040][960]LogSavePackage: Moving '../../../../../../Users/u1260737/Documents/GitHub/TeamSwing/TeamSwing/Saved/Swing83E089FA45BBF450E06675836875EAE1.tmp' to '../../../../../../Users/u1260737/Documents/GitHub/TeamSwing/TeamSwing/Content/Swing.umap'
[2019.09.24-22.17.19:072][960]Cmd: OBJ SAVEPACKAGE PACKAGE="/Game/Swing_BuiltData" FILE="../../../../../../Users/u1260737/Documents/GitHub/TeamSwing/TeamSwing/Content/Swing_BuiltData.uasset" SILENT=true
[2019.09.24-22.17.19:086][960]LogSavePackage: Moving '../../../../../../Users/u1260737/Documents/GitHub/TeamSwing/TeamSwing/Saved/Swing_BuiltDataC75E16614CF303F75B88E7B70FBC6041.tmp' to '../../../../../../Users/u1260737/Documents/GitHub/TeamSwing/TeamSwing/Content/Swing_BuiltData.uasset'
[2019.09.24-22.17.19:094][960]LogFileHelpers: Saving map 'Swing' took 0.291
